<?xml version="1.0" encoding="UTF-8"?>
<TestRun id="f8becb4e-e033-457a-9fc4-f7c4b1dd9291" name="Okrm@OKRM-KOMPUTER 2012-01-12 15:56:37" runUser="Okrm-Komputer\Okrm" xmlns="http://microsoft.com/schemas/VisualStudio/TeamTest/2010">
  <TestSettings name="Local" id="41c0aacb-8128-43b7-a8f9-312aaf052968">
    <Description>These are default test settings for a local test run.</Description>
    <Deployment enabled="false" runDeploymentRoot="Okrm_OKRM-KOMPUTER 2012-01-12 15_56_37">
      <DeploymentItem filename="C:\Users\Okrm\Desktop\Projekt - zarzadzania uzytkownikami\nmock2-2.0.0.44-net-2.0\bin\NMock2.Test.dll" />
      <DeploymentItem filename="C:\Users\Okrm\Desktop\Projekt - zarzadzania uzytkownikami\nmock2-2.0.0.44-net-2.0\bin\NMock2.dll" />
      <DeploymentItem filename="C:\Users\Okrm\Desktop\Projekt - zarzadzania uzytkownikami\saturas-Zarzadzanie-Uzytkownikami-975c2b5\saturas-Zarzadzanie-Uzytkownikami-975c2b5\Zarzadzanie uzytkownikami\bin\Debug\Zarzadzanie uzytkownikami.exe" />
      <DeploymentItem filename="C:\Users\Okrm\Desktop\Projekt - zarzadzania uzytkownikami\nmock2-2.0.0.44-net-2.0\bin\NMock2.AcceptanceTests.dll" />
    </Deployment>
    <Execution>
      <TestTypeSpecific />
      <AgentRule name="Execution Agents">
      </AgentRule>
    </Execution>
  </TestSettings>
  <Times creation="2012-01-12T15:56:37.8935546+01:00" queuing="2012-01-12T15:56:37.9638671+01:00" start="2012-01-12T15:56:38.0146484+01:00" finish="2012-01-12T15:56:39.4160156+01:00" />
  <ResultSummary outcome="Failed">
    <Counters total="61" executed="61" passed="25" error="0" failed="9" timeout="0" aborted="0" inconclusive="27" passedButRunAborted="0" notRunnable="0" notExecuted="0" disconnected="0" warning="0" completed="0" inProgress="0" pending="0" />
  </ResultSummary>
  <TestDefinitions>
    <UnitTest name="DodajAdministratoraTest" storage="c:\users\okrm\desktop\projekt - zarzadzania uzytkownikami\saturas-zarzadzanie-uzytkownikami-975c2b5\saturas-zarzadzanie-uzytkownikami-975c2b5\zarzadzanie.test\bin\debug\zarzadzanie.test.dll" id="9537e62d-8a43-33e3-f7b1-9fd832d01126">
      <Execution id="17a6c1de-fb7f-4d44-b926-41e255c6cbfa" />
      <TestMethod codeBase="C:/Users/Okrm/Desktop/Projekt - zarzadzania uzytkownikami/saturas-Zarzadzanie-Uzytkownikami-975c2b5/saturas-Zarzadzanie-Uzytkownikami-975c2b5/Zarzadzanie.Test/bin/Debug/Zarzadzanie.Test.DLL" adapterTypeName="Microsoft.VisualStudio.TestTools.TestTypes.Unit.UnitTestAdapter, Microsoft.VisualStudio.QualityTools.Tips.UnitTest.Adapter, Version=10.0.0.0, Culture=neutral, PublicKeyToken=b03f5f7f11d50a3a" className="Zarzadzanie_Uzytkownikami.Tests.RolaAdministratorTest, Zarzadzanie.Test, Version=1.0.0.0, Culture=neutral, PublicKeyToken=null" name="DodajAdministratoraTest" />
    </UnitTest>
    <UnitTest name="DokumentyDoPrzetlumaczeniaTest" storage="c:\users\okrm\desktop\projekt - zarzadzania uzytkownikami\saturas-zarzadzanie-uzytkownikami-975c2b5\saturas-zarzadzanie-uzytkownikami-975c2b5\zarzadzanie.test\bin\debug\zarzadzanie.test.dll" id="fcb43331-0844-8756-08fe-c9f6b6f6a25c">
      <Execution id="281838c6-6db3-4d9a-a8af-ef0614672b33" />
      <TestMethod codeBase="C:/Users/Okrm/Desktop/Projekt - zarzadzania uzytkownikami/saturas-Zarzadzanie-Uzytkownikami-975c2b5/saturas-Zarzadzanie-Uzytkownikami-975c2b5/Zarzadzanie.Test/bin/Debug/Zarzadzanie.Test.DLL" adapterTypeName="Microsoft.VisualStudio.TestTools.TestTypes.Unit.UnitTestAdapter, Microsoft.VisualStudio.QualityTools.Tips.UnitTest.Adapter, Version=10.0.0.0, Culture=neutral, PublicKeyToken=b03f5f7f11d50a3a" className="Zarzadzanie.Test.ZlecenieBiezaceTest, Zarzadzanie.Test, Version=1.0.0.0, Culture=neutral, PublicKeyToken=null" name="DokumentyDoPrzetlumaczeniaTest" />
    </UnitTest>
    <UnitTest name="PrzegladajHistorieZLecenTest" storage="c:\users\okrm\desktop\projekt - zarzadzania uzytkownikami\saturas-zarzadzanie-uzytkownikami-975c2b5\saturas-zarzadzanie-uzytkownikami-975c2b5\zarzadzanie.test\bin\debug\zarzadzanie.test.dll" id="58baebd9-3bed-4891-ea2b-a4d59294957f">
      <Execution id="58b090f2-972a-4c41-a520-f39f6f303907" />
      <TestMethod codeBase="C:/Users/Okrm/Desktop/Projekt - zarzadzania uzytkownikami/saturas-Zarzadzanie-Uzytkownikami-975c2b5/saturas-Zarzadzanie-Uzytkownikami-975c2b5/Zarzadzanie.Test/bin/Debug/Zarzadzanie.Test.DLL" adapterTypeName="Microsoft.VisualStudio.TestTools.TestTypes.Unit.UnitTestAdapter, Microsoft.VisualStudio.QualityTools.Tips.UnitTest.Adapter, Version=10.0.0.0, Culture=neutral, PublicKeyToken=b03f5f7f11d50a3a" className="Zarzadzanie.Test.RolaKlientTest, Zarzadzanie.Test, Version=1.0.0.0, Culture=neutral, PublicKeyToken=null" name="PrzegladajHistorieZLecenTest" />
    </UnitTest>
    <UnitTest name="RejestrujNowegoKlientaTest" storage="c:\users\okrm\desktop\projekt - zarzadzania uzytkownikami\saturas-zarzadzanie-uzytkownikami-975c2b5\saturas-zarzadzanie-uzytkownikami-975c2b5\zarzadzanie.test\bin\debug\zarzadzanie.test.dll" id="a5e6cfdc-d03b-f615-c8e0-28221302a5bf">
      <Execution id="1e31e769-358c-449d-9799-84f33fe54280" />
      <TestMethod codeBase="C:/Users/Okrm/Desktop/Projekt - zarzadzania uzytkownikami/saturas-Zarzadzanie-Uzytkownikami-975c2b5/saturas-Zarzadzanie-Uzytkownikami-975c2b5/Zarzadzanie.Test/bin/Debug/Zarzadzanie.Test.DLL" adapterTypeName="Microsoft.VisualStudio.TestTools.TestTypes.Unit.UnitTestAdapter, Microsoft.VisualStudio.QualityTools.Tips.UnitTest.Adapter, Version=10.0.0.0, Culture=neutral, PublicKeyToken=b03f5f7f11d50a3a" className="Zarzadzanie_Uzytkownikami.Tests.ManagerLogowaniaTest, Zarzadzanie.Test, Version=1.0.0.0, Culture=neutral, PublicKeyToken=null" name="RejestrujNowegoKlientaTest" />
    </UnitTest>
    <UnitTest name="ArchiwizujTest" storage="c:\users\okrm\desktop\projekt - zarzadzania uzytkownikami\saturas-zarzadzanie-uzytkownikami-975c2b5\saturas-zarzadzanie-uzytkownikami-975c2b5\zarzadzanie.test\bin\debug\zarzadzanie.test.dll" id="a2afdcef-aa1e-be44-1bdb-2104424d4f22">
      <Execution id="d3315faa-06e3-4923-ac35-bfbd1a16ebeb" />
      <TestMethod codeBase="C:/Users/Okrm/Desktop/Projekt - zarzadzania uzytkownikami/saturas-Zarzadzanie-Uzytkownikami-975c2b5/saturas-Zarzadzanie-Uzytkownikami-975c2b5/Zarzadzanie.Test/bin/Debug/Zarzadzanie.Test.DLL" adapterTypeName="Microsoft.VisualStudio.TestTools.TestTypes.Unit.UnitTestAdapter, Microsoft.VisualStudio.QualityTools.Tips.UnitTest.Adapter, Version=10.0.0.0, Culture=neutral, PublicKeyToken=b03f5f7f11d50a3a" className="Zarzadzanie.Test.ZlecenieBiezaceTest, Zarzadzanie.Test, Version=1.0.0.0, Culture=neutral, PublicKeyToken=null" name="ArchiwizujTest" />
    </UnitTest>
    <UnitTest name="RejestrujNowegoTlumaczaTest" storage="c:\users\okrm\desktop\projekt - zarzadzania uzytkownikami\saturas-zarzadzanie-uzytkownikami-975c2b5\saturas-zarzadzanie-uzytkownikami-975c2b5\zarzadzanie.test\bin\debug\zarzadzanie.test.dll" id="6c257bae-a8df-31ac-b3f4-3f9ca8bdbf93">
      <Execution id="385c919f-3048-4be7-9f79-cc5ed664e282" />
      <TestMethod codeBase="C:/Users/Okrm/Desktop/Projekt - zarzadzania uzytkownikami/saturas-Zarzadzanie-Uzytkownikami-975c2b5/saturas-Zarzadzanie-Uzytkownikami-975c2b5/Zarzadzanie.Test/bin/Debug/Zarzadzanie.Test.DLL" adapterTypeName="Microsoft.VisualStudio.TestTools.TestTypes.Unit.UnitTestAdapter, Microsoft.VisualStudio.QualityTools.Tips.UnitTest.Adapter, Version=10.0.0.0, Culture=neutral, PublicKeyToken=b03f5f7f11d50a3a" className="Zarzadzanie_Uzytkownikami.Tests.ManagerLogowaniaTest, Zarzadzanie.Test, Version=1.0.0.0, Culture=neutral, PublicKeyToken=null" name="RejestrujNowegoTlumaczaTest" />
    </UnitTest>
    <UnitTest name="ListaUzytkownikowNiezalogowanychTest" storage="c:\users\okrm\desktop\projekt - zarzadzania uzytkownikami\saturas-zarzadzanie-uzytkownikami-975c2b5\saturas-zarzadzanie-uzytkownikami-975c2b5\zarzadzanie.test\bin\debug\zarzadzanie.test.dll" id="3b6ec050-6969-750d-e6d6-acec7372d75a">
      <Execution id="2cd9a7d6-0790-40f8-af71-745f02abed01" />
      <TestMethod codeBase="C:/Users/Okrm/Desktop/Projekt - zarzadzania uzytkownikami/saturas-Zarzadzanie-Uzytkownikami-975c2b5/saturas-Zarzadzanie-Uzytkownikami-975c2b5/Zarzadzanie.Test/bin/Debug/Zarzadzanie.Test.DLL" adapterTypeName="Microsoft.VisualStudio.TestTools.TestTypes.Unit.UnitTestAdapter, Microsoft.VisualStudio.QualityTools.Tips.UnitTest.Adapter, Version=10.0.0.0, Culture=neutral, PublicKeyToken=b03f5f7f11d50a3a" className="Zarzadzanie_Uzytkownikami.Tests.ManagerLogowaniaTest, Zarzadzanie.Test, Version=1.0.0.0, Culture=neutral, PublicKeyToken=null" name="ListaUzytkownikowNiezalogowanychTest" />
    </UnitTest>
    <UnitTest name="MeldujPostepPracyTest" storage="c:\users\okrm\desktop\projekt - zarzadzania uzytkownikami\saturas-zarzadzanie-uzytkownikami-975c2b5\saturas-zarzadzanie-uzytkownikami-975c2b5\zarzadzanie.test\bin\debug\zarzadzanie.test.dll" id="1039187c-4e14-537e-ab54-518aeb80ee71">
      <Execution id="158cfd5a-af16-4560-8e88-e29b43fe864d" />
      <TestMethod codeBase="C:/Users/Okrm/Desktop/Projekt - zarzadzania uzytkownikami/saturas-Zarzadzanie-Uzytkownikami-975c2b5/saturas-Zarzadzanie-Uzytkownikami-975c2b5/Zarzadzanie.Test/bin/Debug/Zarzadzanie.Test.DLL" adapterTypeName="Microsoft.VisualStudio.TestTools.TestTypes.Unit.UnitTestAdapter, Microsoft.VisualStudio.QualityTools.Tips.UnitTest.Adapter, Version=10.0.0.0, Culture=neutral, PublicKeyToken=b03f5f7f11d50a3a" className="Zarzadzanie.Test.RolaTlumaczTest, Zarzadzanie.Test, Version=1.0.0.0, Culture=neutral, PublicKeyToken=null" name="MeldujPostepPracyTest" />
    </UnitTest>
    <UnitTest name="HasloTest" storage="c:\users\okrm\desktop\projekt - zarzadzania uzytkownikami\saturas-zarzadzanie-uzytkownikami-975c2b5\saturas-zarzadzanie-uzytkownikami-975c2b5\zarzadzanie.test\bin\debug\zarzadzanie.test.dll" id="3b85baef-cf6a-4dc9-48f8-7079d3fabb57">
      <Execution id="8c71e37f-5775-40fb-9ef5-76ae80191762" />
      <TestMethod codeBase="C:/Users/Okrm/Desktop/Projekt - zarzadzania uzytkownikami/saturas-Zarzadzanie-Uzytkownikami-975c2b5/saturas-Zarzadzanie-Uzytkownikami-975c2b5/Zarzadzanie.Test/bin/Debug/Zarzadzanie.Test.DLL" adapterTypeName="Microsoft.VisualStudio.TestTools.TestTypes.Unit.UnitTestAdapter, Microsoft.VisualStudio.QualityTools.Tips.UnitTest.Adapter, Version=10.0.0.0, Culture=neutral, PublicKeyToken=b03f5f7f11d50a3a" className="Zarzadzanie_Uzytkownikami.Tests.UzytkownikTest, Zarzadzanie.Test, Version=1.0.0.0, Culture=neutral, PublicKeyToken=null" name="HasloTest" />
    </UnitTest>
    <UnitTest name="RoleTest" storage="c:\users\okrm\desktop\projekt - zarzadzania uzytkownikami\saturas-zarzadzanie-uzytkownikami-975c2b5\saturas-zarzadzanie-uzytkownikami-975c2b5\zarzadzanie.test\bin\debug\zarzadzanie.test.dll" id="14974ae4-1e40-88d9-f966-53ea169ebefd">
      <Execution id="0e3083b7-5448-463a-a704-af1bb9b0e87f" />
      <TestMethod codeBase="C:/Users/Okrm/Desktop/Projekt - zarzadzania uzytkownikami/saturas-Zarzadzanie-Uzytkownikami-975c2b5/saturas-Zarzadzanie-Uzytkownikami-975c2b5/Zarzadzanie.Test/bin/Debug/Zarzadzanie.Test.DLL" adapterTypeName="Microsoft.VisualStudio.TestTools.TestTypes.Unit.UnitTestAdapter, Microsoft.VisualStudio.QualityTools.Tips.UnitTest.Adapter, Version=10.0.0.0, Culture=neutral, PublicKeyToken=b03f5f7f11d50a3a" className="Zarzadzanie_Uzytkownikami.Tests.UzytkownikTest, Zarzadzanie.Test, Version=1.0.0.0, Culture=neutral, PublicKeyToken=null" name="RoleTest" />
    </UnitTest>
    <UnitTest name="NumerTest" storage="c:\users\okrm\desktop\projekt - zarzadzania uzytkownikami\saturas-zarzadzanie-uzytkownikami-975c2b5\saturas-zarzadzanie-uzytkownikami-975c2b5\zarzadzanie.test\bin\debug\zarzadzanie.test.dll" id="9fa2a185-8021-aee1-eccf-a20f09e4d8c0">
      <Execution id="63f92357-7e71-4b5c-ba26-142d5227f1d4" />
      <TestMethod codeBase="C:/Users/Okrm/Desktop/Projekt - zarzadzania uzytkownikami/saturas-Zarzadzanie-Uzytkownikami-975c2b5/saturas-Zarzadzanie-Uzytkownikami-975c2b5/Zarzadzanie.Test/bin/Debug/Zarzadzanie.Test.DLL" adapterTypeName="Microsoft.VisualStudio.TestTools.TestTypes.Unit.UnitTestAdapter, Microsoft.VisualStudio.QualityTools.Tips.UnitTest.Adapter, Version=10.0.0.0, Culture=neutral, PublicKeyToken=b03f5f7f11d50a3a" className="Zarzadzanie.Test.RolaKlientTest, Zarzadzanie.Test, Version=1.0.0.0, Culture=neutral, PublicKeyToken=null" name="NumerTest" />
    </UnitTest>
    <UnitTest name="DodajPracownikaTest" storage="c:\users\okrm\desktop\projekt - zarzadzania uzytkownikami\saturas-zarzadzanie-uzytkownikami-975c2b5\saturas-zarzadzanie-uzytkownikami-975c2b5\zarzadzanie.test\bin\debug\zarzadzanie.test.dll" id="7f142f7d-2b12-19ca-6126-9fc25dceeeb4">
      <Execution id="b699dd80-cc61-46f3-a0a9-121b3364af2e" />
      <TestMethod codeBase="C:/Users/Okrm/Desktop/Projekt - zarzadzania uzytkownikami/saturas-Zarzadzanie-Uzytkownikami-975c2b5/saturas-Zarzadzanie-Uzytkownikami-975c2b5/Zarzadzanie.Test/bin/Debug/Zarzadzanie.Test.DLL" adapterTypeName="Microsoft.VisualStudio.TestTools.TestTypes.Unit.UnitTestAdapter, Microsoft.VisualStudio.QualityTools.Tips.UnitTest.Adapter, Version=10.0.0.0, Culture=neutral, PublicKeyToken=b03f5f7f11d50a3a" className="Zarzadzanie_Uzytkownikami.Tests.RolaAdministratorTest, Zarzadzanie.Test, Version=1.0.0.0, Culture=neutral, PublicKeyToken=null" name="DodajPracownikaTest" />
    </UnitTest>
    <UnitTest name="PrzegladajPostepBiezacychZLecenTest" storage="c:\users\okrm\desktop\projekt - zarzadzania uzytkownikami\saturas-zarzadzanie-uzytkownikami-975c2b5\saturas-zarzadzanie-uzytkownikami-975c2b5\zarzadzanie.test\bin\debug\zarzadzanie.test.dll" id="aec15c2c-4694-dffa-3310-6e0f3a468888">
      <Execution id="3b4f40cd-5c84-4edc-a261-add7d306ad57" />
      <TestMethod codeBase="C:/Users/Okrm/Desktop/Projekt - zarzadzania uzytkownikami/saturas-Zarzadzanie-Uzytkownikami-975c2b5/saturas-Zarzadzanie-Uzytkownikami-975c2b5/Zarzadzanie.Test/bin/Debug/Zarzadzanie.Test.DLL" adapterTypeName="Microsoft.VisualStudio.TestTools.TestTypes.Unit.UnitTestAdapter, Microsoft.VisualStudio.QualityTools.Tips.UnitTest.Adapter, Version=10.0.0.0, Culture=neutral, PublicKeyToken=b03f5f7f11d50a3a" className="Zarzadzanie.Test.RolaKlientTest, Zarzadzanie.Test, Version=1.0.0.0, Culture=neutral, PublicKeyToken=null" name="PrzegladajPostepBiezacychZLecenTest" />
    </UnitTest>
    <UnitTest name="NumerKlientaTest" storage="c:\users\okrm\desktop\projekt - zarzadzania uzytkownikami\saturas-zarzadzanie-uzytkownikami-975c2b5\saturas-zarzadzanie-uzytkownikami-975c2b5\zarzadzanie.test\bin\debug\zarzadzanie.test.dll" id="49f53d69-db2d-f5da-10a3-ae5515be3bbf">
      <Execution id="0477b8fc-f0df-4e75-b885-f20672bf29c7" />
      <TestMethod codeBase="C:/Users/Okrm/Desktop/Projekt - zarzadzania uzytkownikami/saturas-Zarzadzanie-Uzytkownikami-975c2b5/saturas-Zarzadzanie-Uzytkownikami-975c2b5/Zarzadzanie.Test/bin/Debug/Zarzadzanie.Test.DLL" adapterTypeName="Microsoft.VisualStudio.TestTools.TestTypes.Unit.UnitTestAdapter, Microsoft.VisualStudio.QualityTools.Tips.UnitTest.Adapter, Version=10.0.0.0, Culture=neutral, PublicKeyToken=b03f5f7f11d50a3a" className="Zarzadzanie.Test.ZlecenieArchiwalneTest, Zarzadzanie.Test, Version=1.0.0.0, Culture=neutral, PublicKeyToken=null" name="NumerKlientaTest" />
    </UnitTest>
    <UnitTest name="ListaUzytkownikowNiezweryfikowanychTest" storage="c:\users\okrm\desktop\projekt - zarzadzania uzytkownikami\saturas-zarzadzanie-uzytkownikami-975c2b5\saturas-zarzadzanie-uzytkownikami-975c2b5\zarzadzanie.test\bin\debug\zarzadzanie.test.dll" id="519de9e3-74d7-1d8e-7964-df05b50898a6">
      <Execution id="3a162b0f-fa09-4520-8fc4-4b226e66d194" />
      <TestMethod codeBase="C:/Users/Okrm/Desktop/Projekt - zarzadzania uzytkownikami/saturas-Zarzadzanie-Uzytkownikami-975c2b5/saturas-Zarzadzanie-Uzytkownikami-975c2b5/Zarzadzanie.Test/bin/Debug/Zarzadzanie.Test.DLL" adapterTypeName="Microsoft.VisualStudio.TestTools.TestTypes.Unit.UnitTestAdapter, Microsoft.VisualStudio.QualityTools.Tips.UnitTest.Adapter, Version=10.0.0.0, Culture=neutral, PublicKeyToken=b03f5f7f11d50a3a" className="Zarzadzanie_Uzytkownikami.Tests.ManagerLogowaniaTest, Zarzadzanie.Test, Version=1.0.0.0, Culture=neutral, PublicKeyToken=null" name="ListaUzytkownikowNiezweryfikowanychTest" />
    </UnitTest>
    <UnitTest name="NazwiskoTest" storage="c:\users\okrm\desktop\projekt - zarzadzania uzytkownikami\saturas-zarzadzanie-uzytkownikami-975c2b5\saturas-zarzadzanie-uzytkownikami-975c2b5\zarzadzanie.test\bin\debug\zarzadzanie.test.dll" id="6b11ba16-22e8-dd16-4e4e-6827b12fc0bc">
      <Execution id="006e3441-c2ae-4a28-be76-ff71a40feb90" />
      <TestMethod codeBase="C:/Users/Okrm/Desktop/Projekt - zarzadzania uzytkownikami/saturas-Zarzadzanie-Uzytkownikami-975c2b5/saturas-Zarzadzanie-Uzytkownikami-975c2b5/Zarzadzanie.Test/bin/Debug/Zarzadzanie.Test.DLL" adapterTypeName="Microsoft.VisualStudio.TestTools.TestTypes.Unit.UnitTestAdapter, Microsoft.VisualStudio.QualityTools.Tips.UnitTest.Adapter, Version=10.0.0.0, Culture=neutral, PublicKeyToken=b03f5f7f11d50a3a" className="Zarzadzanie_Uzytkownikami.Tests.UzytkownikTest, Zarzadzanie.Test, Version=1.0.0.0, Culture=neutral, PublicKeyToken=null" name="NazwiskoTest" />
    </UnitTest>
    <UnitTest name="ListaZlecenTest" storage="c:\users\okrm\desktop\projekt - zarzadzania uzytkownikami\saturas-zarzadzanie-uzytkownikami-975c2b5\saturas-zarzadzanie-uzytkownikami-975c2b5\zarzadzanie.test\bin\debug\zarzadzanie.test.dll" id="b8acfc95-0d6c-ab8f-a160-166bb04d6eb2">
      <Execution id="f46db5ad-306f-4083-b5b1-338f215551b2" />
      <TestMethod codeBase="C:/Users/Okrm/Desktop/Projekt - zarzadzania uzytkownikami/saturas-Zarzadzanie-Uzytkownikami-975c2b5/saturas-Zarzadzanie-Uzytkownikami-975c2b5/Zarzadzanie.Test/bin/Debug/Zarzadzanie.Test.DLL" adapterTypeName="Microsoft.VisualStudio.TestTools.TestTypes.Unit.UnitTestAdapter, Microsoft.VisualStudio.QualityTools.Tips.UnitTest.Adapter, Version=10.0.0.0, Culture=neutral, PublicKeyToken=b03f5f7f11d50a3a" className="Zarzadzanie_Uzytkownikami.Tests.HistoriaZlecenTest, Zarzadzanie.Test, Version=1.0.0.0, Culture=neutral, PublicKeyToken=null" name="ListaZlecenTest" />
    </UnitTest>
    <UnitTest name="ListaNazwDokumentowTest" storage="c:\users\okrm\desktop\projekt - zarzadzania uzytkownikami\saturas-zarzadzanie-uzytkownikami-975c2b5\saturas-zarzadzanie-uzytkownikami-975c2b5\zarzadzanie.test\bin\debug\zarzadzanie.test.dll" id="3eec3270-513e-8277-3d4a-f4dfd8b693f3">
      <Execution id="17345a08-4f55-4ab6-bc37-c2768a596eb9" />
      <TestMethod codeBase="C:/Users/Okrm/Desktop/Projekt - zarzadzania uzytkownikami/saturas-Zarzadzanie-Uzytkownikami-975c2b5/saturas-Zarzadzanie-Uzytkownikami-975c2b5/Zarzadzanie.Test/bin/Debug/Zarzadzanie.Test.DLL" adapterTypeName="Microsoft.VisualStudio.TestTools.TestTypes.Unit.UnitTestAdapter, Microsoft.VisualStudio.QualityTools.Tips.UnitTest.Adapter, Version=10.0.0.0, Culture=neutral, PublicKeyToken=b03f5f7f11d50a3a" className="Zarzadzanie.Test.ZlecenieArchiwalneTest, Zarzadzanie.Test, Version=1.0.0.0, Culture=neutral, PublicKeyToken=null" name="ListaNazwDokumentowTest" />
    </UnitTest>
    <UnitTest name="ListaZlecenBiezacychTest" storage="c:\users\okrm\desktop\projekt - zarzadzania uzytkownikami\saturas-zarzadzanie-uzytkownikami-975c2b5\saturas-zarzadzanie-uzytkownikami-975c2b5\zarzadzanie.test\bin\debug\zarzadzanie.test.dll" id="49c05f9e-5a5d-fe7b-af8e-25af946d5b7c">
      <Execution id="16d4dc6c-2cba-4242-a0f5-19ece2bcabd8" />
      <TestMethod codeBase="C:/Users/Okrm/Desktop/Projekt - zarzadzania uzytkownikami/saturas-Zarzadzanie-Uzytkownikami-975c2b5/saturas-Zarzadzanie-Uzytkownikami-975c2b5/Zarzadzanie.Test/bin/Debug/Zarzadzanie.Test.DLL" adapterTypeName="Microsoft.VisualStudio.TestTools.TestTypes.Unit.UnitTestAdapter, Microsoft.VisualStudio.QualityTools.Tips.UnitTest.Adapter, Version=10.0.0.0, Culture=neutral, PublicKeyToken=b03f5f7f11d50a3a" className="Zarzadzanie.Test.RolaKlientTest, Zarzadzanie.Test, Version=1.0.0.0, Culture=neutral, PublicKeyToken=null" name="ListaZlecenBiezacychTest" />
    </UnitTest>
    <UnitTest name="NameTest" storage="c:\users\okrm\desktop\projekt - zarzadzania uzytkownikami\saturas-zarzadzanie-uzytkownikami-975c2b5\saturas-zarzadzanie-uzytkownikami-975c2b5\zarzadzanie.test\bin\debug\zarzadzanie.test.dll" id="05978091-f0ac-01b3-83aa-028d3b669724">
      <Execution id="c6f01433-8997-4d22-bb44-c982bc524627" />
      <TestMethod codeBase="C:/Users/Okrm/Desktop/Projekt - zarzadzania uzytkownikami/saturas-Zarzadzanie-Uzytkownikami-975c2b5/saturas-Zarzadzanie-Uzytkownikami-975c2b5/Zarzadzanie.Test/bin/Debug/Zarzadzanie.Test.DLL" adapterTypeName="Microsoft.VisualStudio.TestTools.TestTypes.Unit.UnitTestAdapter, Microsoft.VisualStudio.QualityTools.Tips.UnitTest.Adapter, Version=10.0.0.0, Culture=neutral, PublicKeyToken=b03f5f7f11d50a3a" className="Zarzadzanie.Test.RolaTest, Zarzadzanie.Test, Version=1.0.0.0, Culture=neutral, PublicKeyToken=null" name="NameTest" />
    </UnitTest>
    <UnitTest name="ListaUzytkownikowZalogowanychTest" storage="c:\users\okrm\desktop\projekt - zarzadzania uzytkownikami\saturas-zarzadzanie-uzytkownikami-975c2b5\saturas-zarzadzanie-uzytkownikami-975c2b5\zarzadzanie.test\bin\debug\zarzadzanie.test.dll" id="3bded695-a44d-d000-f8bd-32e5d3767d74">
      <Execution id="85acf266-4360-4696-8bd8-b2bffae189ba" />
      <TestMethod codeBase="C:/Users/Okrm/Desktop/Projekt - zarzadzania uzytkownikami/saturas-Zarzadzanie-Uzytkownikami-975c2b5/saturas-Zarzadzanie-Uzytkownikami-975c2b5/Zarzadzanie.Test/bin/Debug/Zarzadzanie.Test.DLL" adapterTypeName="Microsoft.VisualStudio.TestTools.TestTypes.Unit.UnitTestAdapter, Microsoft.VisualStudio.QualityTools.Tips.UnitTest.Adapter, Version=10.0.0.0, Culture=neutral, PublicKeyToken=b03f5f7f11d50a3a" className="Zarzadzanie_Uzytkownikami.Tests.ManagerLogowaniaTest, Zarzadzanie.Test, Version=1.0.0.0, Culture=neutral, PublicKeyToken=null" name="ListaUzytkownikowZalogowanychTest" />
    </UnitTest>
    <UnitTest name="RolaTlumaczConstructorTest" storage="c:\users\okrm\desktop\projekt - zarzadzania uzytkownikami\saturas-zarzadzanie-uzytkownikami-975c2b5\saturas-zarzadzanie-uzytkownikami-975c2b5\zarzadzanie.test\bin\debug\zarzadzanie.test.dll" id="f98565ef-7220-7c96-475e-4b1ff3a90883">
      <Execution id="7f641b98-f8ff-49eb-affb-6d7d35273bae" />
      <TestMethod codeBase="C:/Users/Okrm/Desktop/Projekt - zarzadzania uzytkownikami/saturas-Zarzadzanie-Uzytkownikami-975c2b5/saturas-Zarzadzanie-Uzytkownikami-975c2b5/Zarzadzanie.Test/bin/Debug/Zarzadzanie.Test.DLL" adapterTypeName="Microsoft.VisualStudio.TestTools.TestTypes.Unit.UnitTestAdapter, Microsoft.VisualStudio.QualityTools.Tips.UnitTest.Adapter, Version=10.0.0.0, Culture=neutral, PublicKeyToken=b03f5f7f11d50a3a" className="Zarzadzanie.Test.RolaTlumaczTest, Zarzadzanie.Test, Version=1.0.0.0, Culture=neutral, PublicKeyToken=null" name="RolaTlumaczConstructorTest" />
    </UnitTest>
    <UnitTest name="ZlecenieConstructorTest" storage="c:\users\okrm\desktop\projekt - zarzadzania uzytkownikami\saturas-zarzadzanie-uzytkownikami-975c2b5\saturas-zarzadzanie-uzytkownikami-975c2b5\zarzadzanie.test\bin\debug\zarzadzanie.test.dll" id="0f522e79-d79a-b034-ec6a-efb0554ed60b">
      <Execution id="48003529-4b3e-46dc-a14b-f09e36cfa63f" />
      <TestMethod codeBase="C:/Users/Okrm/Desktop/Projekt - zarzadzania uzytkownikami/saturas-Zarzadzanie-Uzytkownikami-975c2b5/saturas-Zarzadzanie-Uzytkownikami-975c2b5/Zarzadzanie.Test/bin/Debug/Zarzadzanie.Test.DLL" adapterTypeName="Microsoft.VisualStudio.TestTools.TestTypes.Unit.UnitTestAdapter, Microsoft.VisualStudio.QualityTools.Tips.UnitTest.Adapter, Version=10.0.0.0, Culture=neutral, PublicKeyToken=b03f5f7f11d50a3a" className="Zarzadzanie.Test.ZlecenieTest, Zarzadzanie.Test, Version=1.0.0.0, Culture=neutral, PublicKeyToken=null" name="ZlecenieConstructorTest" />
    </UnitTest>
    <UnitTest name="NumerKlientaTest" storage="c:\users\okrm\desktop\projekt - zarzadzania uzytkownikami\saturas-zarzadzanie-uzytkownikami-975c2b5\saturas-zarzadzanie-uzytkownikami-975c2b5\zarzadzanie.test\bin\debug\zarzadzanie.test.dll" id="b1da090b-a3db-9650-592a-e5225ba14f6b">
      <Execution id="38f75c2e-3acb-4ddd-9f26-c63a9731d107" />
      <TestMethod codeBase="C:/Users/Okrm/Desktop/Projekt - zarzadzania uzytkownikami/saturas-Zarzadzanie-Uzytkownikami-975c2b5/saturas-Zarzadzanie-Uzytkownikami-975c2b5/Zarzadzanie.Test/bin/Debug/Zarzadzanie.Test.DLL" adapterTypeName="Microsoft.VisualStudio.TestTools.TestTypes.Unit.UnitTestAdapter, Microsoft.VisualStudio.QualityTools.Tips.UnitTest.Adapter, Version=10.0.0.0, Culture=neutral, PublicKeyToken=b03f5f7f11d50a3a" className="Zarzadzanie.Test.ZlecenieBiezaceTest, Zarzadzanie.Test, Version=1.0.0.0, Culture=neutral, PublicKeyToken=null" name="NumerKlientaTest" />
    </UnitTest>
    <UnitTest name="NumerTest" storage="c:\users\okrm\desktop\projekt - zarzadzania uzytkownikami\saturas-zarzadzanie-uzytkownikami-975c2b5\saturas-zarzadzanie-uzytkownikami-975c2b5\zarzadzanie.test\bin\debug\zarzadzanie.test.dll" id="e72c788c-f2e6-cdf4-0db3-f9780ecf9952">
      <Execution id="dfdcf816-5ce9-4309-949c-bcf5134a52c8" />
      <TestMethod codeBase="C:/Users/Okrm/Desktop/Projekt - zarzadzania uzytkownikami/saturas-Zarzadzanie-Uzytkownikami-975c2b5/saturas-Zarzadzanie-Uzytkownikami-975c2b5/Zarzadzanie.Test/bin/Debug/Zarzadzanie.Test.DLL" adapterTypeName="Microsoft.VisualStudio.TestTools.TestTypes.Unit.UnitTestAdapter, Microsoft.VisualStudio.QualityTools.Tips.UnitTest.Adapter, Version=10.0.0.0, Culture=neutral, PublicKeyToken=b03f5f7f11d50a3a" className="Zarzadzanie.Test.RolaTlumaczTest, Zarzadzanie.Test, Version=1.0.0.0, Culture=neutral, PublicKeyToken=null" name="NumerTest" />
    </UnitTest>
    <UnitTest name="ListaWykonywanychZlecenTest" storage="c:\users\okrm\desktop\projekt - zarzadzania uzytkownikami\saturas-zarzadzanie-uzytkownikami-975c2b5\saturas-zarzadzanie-uzytkownikami-975c2b5\zarzadzanie.test\bin\debug\zarzadzanie.test.dll" id="49773854-983f-3153-1426-cb816c08b596">
      <Execution id="c1027a14-ff08-4dd9-9373-cd3b1f263fa0" />
      <TestMethod codeBase="C:/Users/Okrm/Desktop/Projekt - zarzadzania uzytkownikami/saturas-Zarzadzanie-Uzytkownikami-975c2b5/saturas-Zarzadzanie-Uzytkownikami-975c2b5/Zarzadzanie.Test/bin/Debug/Zarzadzanie.Test.DLL" adapterTypeName="Microsoft.VisualStudio.TestTools.TestTypes.Unit.UnitTestAdapter, Microsoft.VisualStudio.QualityTools.Tips.UnitTest.Adapter, Version=10.0.0.0, Culture=neutral, PublicKeyToken=b03f5f7f11d50a3a" className="Zarzadzanie.Test.RolaTlumaczTest, Zarzadzanie.Test, Version=1.0.0.0, Culture=neutral, PublicKeyToken=null" name="ListaWykonywanychZlecenTest" />
    </UnitTest>
    <UnitTest name="ListaTlumaczyTest" storage="c:\users\okrm\desktop\projekt - zarzadzania uzytkownikami\saturas-zarzadzanie-uzytkownikami-975c2b5\saturas-zarzadzanie-uzytkownikami-975c2b5\zarzadzanie.test\bin\debug\zarzadzanie.test.dll" id="c133290d-b738-c98a-dbf7-467c8ddc68ad">
      <Execution id="b71d49e5-1943-4ec3-8bfb-ed57384e6b74" />
      <TestMethod codeBase="C:/Users/Okrm/Desktop/Projekt - zarzadzania uzytkownikami/saturas-Zarzadzanie-Uzytkownikami-975c2b5/saturas-Zarzadzanie-Uzytkownikami-975c2b5/Zarzadzanie.Test/bin/Debug/Zarzadzanie.Test.DLL" adapterTypeName="Microsoft.VisualStudio.TestTools.TestTypes.Unit.UnitTestAdapter, Microsoft.VisualStudio.QualityTools.Tips.UnitTest.Adapter, Version=10.0.0.0, Culture=neutral, PublicKeyToken=b03f5f7f11d50a3a" className="Zarzadzanie.Test.RolaPracownikTest, Zarzadzanie.Test, Version=1.0.0.0, Culture=neutral, PublicKeyToken=null" name="ListaTlumaczyTest" />
    </UnitTest>
    <UnitTest name="DodajZlecenieTest" storage="c:\users\okrm\desktop\projekt - zarzadzania uzytkownikami\saturas-zarzadzanie-uzytkownikami-975c2b5\saturas-zarzadzanie-uzytkownikami-975c2b5\zarzadzanie.test\bin\debug\zarzadzanie.test.dll" id="3b5582b3-d303-8198-b4f7-2bd9cee90085">
      <Execution id="54f56220-bcfd-4505-ad7c-a899a53201de" />
      <TestMethod codeBase="C:/Users/Okrm/Desktop/Projekt - zarzadzania uzytkownikami/saturas-Zarzadzanie-Uzytkownikami-975c2b5/saturas-Zarzadzanie-Uzytkownikami-975c2b5/Zarzadzanie.Test/bin/Debug/Zarzadzanie.Test.DLL" adapterTypeName="Microsoft.VisualStudio.TestTools.TestTypes.Unit.UnitTestAdapter, Microsoft.VisualStudio.QualityTools.Tips.UnitTest.Adapter, Version=10.0.0.0, Culture=neutral, PublicKeyToken=b03f5f7f11d50a3a" className="Zarzadzanie.Test.RolaPracownikTest, Zarzadzanie.Test, Version=1.0.0.0, Culture=neutral, PublicKeyToken=null" name="DodajZlecenieTest" />
    </UnitTest>
    <UnitTest name="ArchiwizujZlecenieTest" storage="c:\users\okrm\desktop\projekt - zarzadzania uzytkownikami\saturas-zarzadzanie-uzytkownikami-975c2b5\saturas-zarzadzanie-uzytkownikami-975c2b5\zarzadzanie.test\bin\debug\zarzadzanie.test.dll" id="eabaa878-b3d8-ba0f-f5ec-66030ff1054c">
      <Execution id="446cd837-6de8-49b2-a3b0-6b1bc4297f91" />
      <TestMethod codeBase="C:/Users/Okrm/Desktop/Projekt - zarzadzania uzytkownikami/saturas-Zarzadzanie-Uzytkownikami-975c2b5/saturas-Zarzadzanie-Uzytkownikami-975c2b5/Zarzadzanie.Test/bin/Debug/Zarzadzanie.Test.DLL" adapterTypeName="Microsoft.VisualStudio.TestTools.TestTypes.Unit.UnitTestAdapter, Microsoft.VisualStudio.QualityTools.Tips.UnitTest.Adapter, Version=10.0.0.0, Culture=neutral, PublicKeyToken=b03f5f7f11d50a3a" className="Zarzadzanie.Test.RolaPracownikTest, Zarzadzanie.Test, Version=1.0.0.0, Culture=neutral, PublicKeyToken=null" name="ArchiwizujZlecenieTest" />
    </UnitTest>
    <UnitTest name="RolaAdministratorConstructorTest" storage="c:\users\okrm\desktop\projekt - zarzadzania uzytkownikami\saturas-zarzadzanie-uzytkownikami-975c2b5\saturas-zarzadzanie-uzytkownikami-975c2b5\zarzadzanie.test\bin\debug\zarzadzanie.test.dll" id="166ea43c-aada-9251-f431-64b4b4d587e8">
      <Execution id="5d3b2460-d2f6-4bcf-9b0f-2cea1e4e94e0" />
      <TestMethod codeBase="C:/Users/Okrm/Desktop/Projekt - zarzadzania uzytkownikami/saturas-Zarzadzanie-Uzytkownikami-975c2b5/saturas-Zarzadzanie-Uzytkownikami-975c2b5/Zarzadzanie.Test/bin/Debug/Zarzadzanie.Test.DLL" adapterTypeName="Microsoft.VisualStudio.TestTools.TestTypes.Unit.UnitTestAdapter, Microsoft.VisualStudio.QualityTools.Tips.UnitTest.Adapter, Version=10.0.0.0, Culture=neutral, PublicKeyToken=b03f5f7f11d50a3a" className="Zarzadzanie_Uzytkownikami.Tests.RolaAdministratorTest, Zarzadzanie.Test, Version=1.0.0.0, Culture=neutral, PublicKeyToken=null" name="RolaAdministratorConstructorTest" />
    </UnitTest>
    <UnitTest name="NameTest" storage="c:\users\okrm\desktop\projekt - zarzadzania uzytkownikami\saturas-zarzadzanie-uzytkownikami-975c2b5\saturas-zarzadzanie-uzytkownikami-975c2b5\zarzadzanie.test\bin\debug\zarzadzanie.test.dll" id="1b42ff37-c4f8-ae7a-b181-95870af37981">
      <Execution id="9ccf1162-96ae-4898-9c90-9934cd4911ff" />
      <TestMethod codeBase="C:/Users/Okrm/Desktop/Projekt - zarzadzania uzytkownikami/saturas-Zarzadzanie-Uzytkownikami-975c2b5/saturas-Zarzadzanie-Uzytkownikami-975c2b5/Zarzadzanie.Test/bin/Debug/Zarzadzanie.Test.DLL" adapterTypeName="Microsoft.VisualStudio.TestTools.TestTypes.Unit.UnitTestAdapter, Microsoft.VisualStudio.QualityTools.Tips.UnitTest.Adapter, Version=10.0.0.0, Culture=neutral, PublicKeyToken=b03f5f7f11d50a3a" className="Zarzadzanie.Test.DokumentTest, Zarzadzanie.Test, Version=1.0.0.0, Culture=neutral, PublicKeyToken=null" name="NameTest" />
    </UnitTest>
    <UnitTest name="NumeratorTest" storage="c:\users\okrm\desktop\projekt - zarzadzania uzytkownikami\saturas-zarzadzanie-uzytkownikami-975c2b5\saturas-zarzadzanie-uzytkownikami-975c2b5\zarzadzanie.test\bin\debug\zarzadzanie.test.dll" id="c723663c-8551-4923-1f7f-1d2f087d05d3">
      <Execution id="c9c13ba9-25c7-48a7-95e1-0cd46ba41f6a" />
      <TestMethod codeBase="C:/Users/Okrm/Desktop/Projekt - zarzadzania uzytkownikami/saturas-Zarzadzanie-Uzytkownikami-975c2b5/saturas-Zarzadzanie-Uzytkownikami-975c2b5/Zarzadzanie.Test/bin/Debug/Zarzadzanie.Test.DLL" adapterTypeName="Microsoft.VisualStudio.TestTools.TestTypes.Unit.UnitTestAdapter, Microsoft.VisualStudio.QualityTools.Tips.UnitTest.Adapter, Version=10.0.0.0, Culture=neutral, PublicKeyToken=b03f5f7f11d50a3a" className="Zarzadzanie.Test.RolaKlientTest, Zarzadzanie.Test, Version=1.0.0.0, Culture=neutral, PublicKeyToken=null" name="NumeratorTest" />
    </UnitTest>
    <UnitTest name="HistoriaZlecenConstructorTest" storage="c:\users\okrm\desktop\projekt - zarzadzania uzytkownikami\saturas-zarzadzanie-uzytkownikami-975c2b5\saturas-zarzadzanie-uzytkownikami-975c2b5\zarzadzanie.test\bin\debug\zarzadzanie.test.dll" id="f8963391-2a9e-7606-1d73-db13060dc7cf">
      <DeploymentItems>
        <DeploymentItem filename="Zarzadzanie uzytkownikami.exe" />
      </DeploymentItems>
      <Execution id="3fb1d6d5-beb3-48d2-9928-a5716f726b30" />
      <TestMethod codeBase="C:/Users/Okrm/Desktop/Projekt - zarzadzania uzytkownikami/saturas-Zarzadzanie-Uzytkownikami-975c2b5/saturas-Zarzadzanie-Uzytkownikami-975c2b5/Zarzadzanie.Test/bin/Debug/Zarzadzanie.Test.DLL" adapterTypeName="Microsoft.VisualStudio.TestTools.TestTypes.Unit.UnitTestAdapter, Microsoft.VisualStudio.QualityTools.Tips.UnitTest.Adapter, Version=10.0.0.0, Culture=neutral, PublicKeyToken=b03f5f7f11d50a3a" className="Zarzadzanie_Uzytkownikami.Tests.HistoriaZlecenTest, Zarzadzanie.Test, Version=1.0.0.0, Culture=neutral, PublicKeyToken=null" name="HistoriaZlecenConstructorTest" />
    </UnitTest>
    <UnitTest name="ZlecenieBiezaceConstructorTest" storage="c:\users\okrm\desktop\projekt - zarzadzania uzytkownikami\saturas-zarzadzanie-uzytkownikami-975c2b5\saturas-zarzadzanie-uzytkownikami-975c2b5\zarzadzanie.test\bin\debug\zarzadzanie.test.dll" id="992b2dc9-2ec3-8482-6862-5625ed92f6cc">
      <Execution id="e687986d-a2de-41a6-958b-6b888d8932a9" />
      <TestMethod codeBase="C:/Users/Okrm/Desktop/Projekt - zarzadzania uzytkownikami/saturas-Zarzadzanie-Uzytkownikami-975c2b5/saturas-Zarzadzanie-Uzytkownikami-975c2b5/Zarzadzanie.Test/bin/Debug/Zarzadzanie.Test.DLL" adapterTypeName="Microsoft.VisualStudio.TestTools.TestTypes.Unit.UnitTestAdapter, Microsoft.VisualStudio.QualityTools.Tips.UnitTest.Adapter, Version=10.0.0.0, Culture=neutral, PublicKeyToken=b03f5f7f11d50a3a" className="Zarzadzanie.Test.ZlecenieBiezaceTest, Zarzadzanie.Test, Version=1.0.0.0, Culture=neutral, PublicKeyToken=null" name="ZlecenieBiezaceConstructorTest" />
    </UnitTest>
    <UnitTest name="WeryfikujPoprawnoscTest" storage="c:\users\okrm\desktop\projekt - zarzadzania uzytkownikami\saturas-zarzadzanie-uzytkownikami-975c2b5\saturas-zarzadzanie-uzytkownikami-975c2b5\zarzadzanie.test\bin\debug\zarzadzanie.test.dll" id="56334147-1f5c-1d82-bf78-6e17cdd1fdcc">
      <Execution id="dbce822e-1221-48da-b50b-44ccd120a749" />
      <TestMethod codeBase="C:/Users/Okrm/Desktop/Projekt - zarzadzania uzytkownikami/saturas-Zarzadzanie-Uzytkownikami-975c2b5/saturas-Zarzadzanie-Uzytkownikami-975c2b5/Zarzadzanie.Test/bin/Debug/Zarzadzanie.Test.DLL" adapterTypeName="Microsoft.VisualStudio.TestTools.TestTypes.Unit.UnitTestAdapter, Microsoft.VisualStudio.QualityTools.Tips.UnitTest.Adapter, Version=10.0.0.0, Culture=neutral, PublicKeyToken=b03f5f7f11d50a3a" className="Zarzadzanie_Uzytkownikami.Tests.RolaAdministratorTest, Zarzadzanie.Test, Version=1.0.0.0, Culture=neutral, PublicKeyToken=null" name="WeryfikujPoprawnoscTest" />
    </UnitTest>
    <UnitTest name="WeryfikujTest" storage="c:\users\okrm\desktop\projekt - zarzadzania uzytkownikami\saturas-zarzadzanie-uzytkownikami-975c2b5\saturas-zarzadzanie-uzytkownikami-975c2b5\zarzadzanie.test\bin\debug\zarzadzanie.test.dll" id="3178001c-65da-5894-4de5-45f2a7c6ef84">
      <Execution id="9eaaae32-6216-44df-8f07-584f742106cd" />
      <TestMethod codeBase="C:/Users/Okrm/Desktop/Projekt - zarzadzania uzytkownikami/saturas-Zarzadzanie-Uzytkownikami-975c2b5/saturas-Zarzadzanie-Uzytkownikami-975c2b5/Zarzadzanie.Test/bin/Debug/Zarzadzanie.Test.DLL" adapterTypeName="Microsoft.VisualStudio.TestTools.TestTypes.Unit.UnitTestAdapter, Microsoft.VisualStudio.QualityTools.Tips.UnitTest.Adapter, Version=10.0.0.0, Culture=neutral, PublicKeyToken=b03f5f7f11d50a3a" className="Zarzadzanie_Uzytkownikami.Tests.ManagerLogowaniaTest, Zarzadzanie.Test, Version=1.0.0.0, Culture=neutral, PublicKeyToken=null" name="WeryfikujTest" />
    </UnitTest>
    <UnitTest name="getInstanceTest" storage="c:\users\okrm\desktop\projekt - zarzadzania uzytkownikami\saturas-zarzadzanie-uzytkownikami-975c2b5\saturas-zarzadzanie-uzytkownikami-975c2b5\zarzadzanie.test\bin\debug\zarzadzanie.test.dll" id="5b7704fd-a0e4-ed35-63c8-c95a40ae20ce">
      <Execution id="7588e966-ce58-4a7d-a4e1-442c443fafb8" />
      <TestMethod codeBase="C:/Users/Okrm/Desktop/Projekt - zarzadzania uzytkownikami/saturas-Zarzadzanie-Uzytkownikami-975c2b5/saturas-Zarzadzanie-Uzytkownikami-975c2b5/Zarzadzanie.Test/bin/Debug/Zarzadzanie.Test.DLL" adapterTypeName="Microsoft.VisualStudio.TestTools.TestTypes.Unit.UnitTestAdapter, Microsoft.VisualStudio.QualityTools.Tips.UnitTest.Adapter, Version=10.0.0.0, Culture=neutral, PublicKeyToken=b03f5f7f11d50a3a" className="Zarzadzanie_Uzytkownikami.Tests.ManagerLogowaniaTest, Zarzadzanie.Test, Version=1.0.0.0, Culture=neutral, PublicKeyToken=null" name="getInstanceTest" />
    </UnitTest>
    <UnitTest name="LoginTest" storage="c:\users\okrm\desktop\projekt - zarzadzania uzytkownikami\saturas-zarzadzanie-uzytkownikami-975c2b5\saturas-zarzadzanie-uzytkownikami-975c2b5\zarzadzanie.test\bin\debug\zarzadzanie.test.dll" id="2b3e95f9-c9b1-d453-5455-7d833cc84a4e">
      <Execution id="74395d99-7378-4450-a2ff-dde4afa76b88" />
      <TestMethod codeBase="C:/Users/Okrm/Desktop/Projekt - zarzadzania uzytkownikami/saturas-Zarzadzanie-Uzytkownikami-975c2b5/saturas-Zarzadzanie-Uzytkownikami-975c2b5/Zarzadzanie.Test/bin/Debug/Zarzadzanie.Test.DLL" adapterTypeName="Microsoft.VisualStudio.TestTools.TestTypes.Unit.UnitTestAdapter, Microsoft.VisualStudio.QualityTools.Tips.UnitTest.Adapter, Version=10.0.0.0, Culture=neutral, PublicKeyToken=b03f5f7f11d50a3a" className="Zarzadzanie_Uzytkownikami.Tests.UzytkownikTest, Zarzadzanie.Test, Version=1.0.0.0, Culture=neutral, PublicKeyToken=null" name="LoginTest" />
    </UnitTest>
    <UnitTest name="ListaZlecenBiezacychPrzydzielonychTest" storage="c:\users\okrm\desktop\projekt - zarzadzania uzytkownikami\saturas-zarzadzanie-uzytkownikami-975c2b5\saturas-zarzadzanie-uzytkownikami-975c2b5\zarzadzanie.test\bin\debug\zarzadzanie.test.dll" id="ac548309-2e88-c8a4-d705-4a7b24fb90ba">
      <Execution id="07c573e2-7133-4d6d-92be-a56cf209f8c1" />
      <TestMethod codeBase="C:/Users/Okrm/Desktop/Projekt - zarzadzania uzytkownikami/saturas-Zarzadzanie-Uzytkownikami-975c2b5/saturas-Zarzadzanie-Uzytkownikami-975c2b5/Zarzadzanie.Test/bin/Debug/Zarzadzanie.Test.DLL" adapterTypeName="Microsoft.VisualStudio.TestTools.TestTypes.Unit.UnitTestAdapter, Microsoft.VisualStudio.QualityTools.Tips.UnitTest.Adapter, Version=10.0.0.0, Culture=neutral, PublicKeyToken=b03f5f7f11d50a3a" className="Zarzadzanie.Test.RolaPracownikTest, Zarzadzanie.Test, Version=1.0.0.0, Culture=neutral, PublicKeyToken=null" name="ListaZlecenBiezacychPrzydzielonychTest" />
    </UnitTest>
    <UnitTest name="DokumentConstructorTest" storage="c:\users\okrm\desktop\projekt - zarzadzania uzytkownikami\saturas-zarzadzanie-uzytkownikami-975c2b5\saturas-zarzadzanie-uzytkownikami-975c2b5\zarzadzanie.test\bin\debug\zarzadzanie.test.dll" id="8cd14aed-2c28-4319-a8ad-3ad65c3ac7ca">
      <Execution id="0025e7e6-4818-49b7-aa5a-cf88439d5f01" />
      <TestMethod codeBase="C:/Users/Okrm/Desktop/Projekt - zarzadzania uzytkownikami/saturas-Zarzadzanie-Uzytkownikami-975c2b5/saturas-Zarzadzanie-Uzytkownikami-975c2b5/Zarzadzanie.Test/bin/Debug/Zarzadzanie.Test.DLL" adapterTypeName="Microsoft.VisualStudio.TestTools.TestTypes.Unit.UnitTestAdapter, Microsoft.VisualStudio.QualityTools.Tips.UnitTest.Adapter, Version=10.0.0.0, Culture=neutral, PublicKeyToken=b03f5f7f11d50a3a" className="Zarzadzanie.Test.DokumentTest, Zarzadzanie.Test, Version=1.0.0.0, Culture=neutral, PublicKeyToken=null" name="DokumentConstructorTest" />
    </UnitTest>
    <UnitTest name="DodajNowegoAdministratoraTest" storage="c:\users\okrm\desktop\projekt - zarzadzania uzytkownikami\saturas-zarzadzanie-uzytkownikami-975c2b5\saturas-zarzadzanie-uzytkownikami-975c2b5\zarzadzanie.test\bin\debug\zarzadzanie.test.dll" id="173c2bf1-7b82-ff5b-5118-99785ebbfb00">
      <Execution id="eeb58166-61b5-4c6f-812a-a07740541dd5" />
      <TestMethod codeBase="C:/Users/Okrm/Desktop/Projekt - zarzadzania uzytkownikami/saturas-Zarzadzanie-Uzytkownikami-975c2b5/saturas-Zarzadzanie-Uzytkownikami-975c2b5/Zarzadzanie.Test/bin/Debug/Zarzadzanie.Test.DLL" adapterTypeName="Microsoft.VisualStudio.TestTools.TestTypes.Unit.UnitTestAdapter, Microsoft.VisualStudio.QualityTools.Tips.UnitTest.Adapter, Version=10.0.0.0, Culture=neutral, PublicKeyToken=b03f5f7f11d50a3a" className="Zarzadzanie_Uzytkownikami.Tests.ManagerLogowaniaTest, Zarzadzanie.Test, Version=1.0.0.0, Culture=neutral, PublicKeyToken=null" name="DodajNowegoAdministratoraTest" />
    </UnitTest>
    <UnitTest name="ZlozZlecenieTest" storage="c:\users\okrm\desktop\projekt - zarzadzania uzytkownikami\saturas-zarzadzanie-uzytkownikami-975c2b5\saturas-zarzadzanie-uzytkownikami-975c2b5\zarzadzanie.test\bin\debug\zarzadzanie.test.dll" id="005845ea-0d3c-8a04-b548-045d3c8dc0c2">
      <Execution id="0fb5bc0f-d6d0-47fe-b6fa-fd172df19e5f" />
      <TestMethod codeBase="C:/Users/Okrm/Desktop/Projekt - zarzadzania uzytkownikami/saturas-Zarzadzanie-Uzytkownikami-975c2b5/saturas-Zarzadzanie-Uzytkownikami-975c2b5/Zarzadzanie.Test/bin/Debug/Zarzadzanie.Test.DLL" adapterTypeName="Microsoft.VisualStudio.TestTools.TestTypes.Unit.UnitTestAdapter, Microsoft.VisualStudio.QualityTools.Tips.UnitTest.Adapter, Version=10.0.0.0, Culture=neutral, PublicKeyToken=b03f5f7f11d50a3a" className="Zarzadzanie.Test.RolaKlientTest, Zarzadzanie.Test, Version=1.0.0.0, Culture=neutral, PublicKeyToken=null" name="ZlozZlecenieTest" />
    </UnitTest>
    <UnitTest name="RoleOczekujaceTest" storage="c:\users\okrm\desktop\projekt - zarzadzania uzytkownikami\saturas-zarzadzanie-uzytkownikami-975c2b5\saturas-zarzadzanie-uzytkownikami-975c2b5\zarzadzanie.test\bin\debug\zarzadzanie.test.dll" id="3a59bfc9-041e-7e33-1650-a76f67410120">
      <Execution id="f6db37eb-82fd-4577-b2fb-209e296efbf0" />
      <TestMethod codeBase="C:/Users/Okrm/Desktop/Projekt - zarzadzania uzytkownikami/saturas-Zarzadzanie-Uzytkownikami-975c2b5/saturas-Zarzadzanie-Uzytkownikami-975c2b5/Zarzadzanie.Test/bin/Debug/Zarzadzanie.Test.DLL" adapterTypeName="Microsoft.VisualStudio.TestTools.TestTypes.Unit.UnitTestAdapter, Microsoft.VisualStudio.QualityTools.Tips.UnitTest.Adapter, Version=10.0.0.0, Culture=neutral, PublicKeyToken=b03f5f7f11d50a3a" className="Zarzadzanie_Uzytkownikami.Tests.UzytkownikTest, Zarzadzanie.Test, Version=1.0.0.0, Culture=neutral, PublicKeyToken=null" name="RoleOczekujaceTest" />
    </UnitTest>
    <UnitTest name="ProgresTest" storage="c:\users\okrm\desktop\projekt - zarzadzania uzytkownikami\saturas-zarzadzanie-uzytkownikami-975c2b5\saturas-zarzadzanie-uzytkownikami-975c2b5\zarzadzanie.test\bin\debug\zarzadzanie.test.dll" id="f414574b-b094-fe02-704e-e2acfca1649c">
      <Execution id="f960164c-9fcf-469a-96e1-e66a5e796020" />
      <TestMethod codeBase="C:/Users/Okrm/Desktop/Projekt - zarzadzania uzytkownikami/saturas-Zarzadzanie-Uzytkownikami-975c2b5/saturas-Zarzadzanie-Uzytkownikami-975c2b5/Zarzadzanie.Test/bin/Debug/Zarzadzanie.Test.DLL" adapterTypeName="Microsoft.VisualStudio.TestTools.TestTypes.Unit.UnitTestAdapter, Microsoft.VisualStudio.QualityTools.Tips.UnitTest.Adapter, Version=10.0.0.0, Culture=neutral, PublicKeyToken=b03f5f7f11d50a3a" className="Zarzadzanie.Test.DokumentTest, Zarzadzanie.Test, Version=1.0.0.0, Culture=neutral, PublicKeyToken=null" name="ProgresTest" />
    </UnitTest>
    <UnitTest name="DodajNowegoPracownikaTest" storage="c:\users\okrm\desktop\projekt - zarzadzania uzytkownikami\saturas-zarzadzanie-uzytkownikami-975c2b5\saturas-zarzadzanie-uzytkownikami-975c2b5\zarzadzanie.test\bin\debug\zarzadzanie.test.dll" id="9c97b3a4-4c72-95fe-740e-5c12ee2c3741">
      <Execution id="d80b0021-223a-468c-8a42-572d41aba1c3" />
      <TestMethod codeBase="C:/Users/Okrm/Desktop/Projekt - zarzadzania uzytkownikami/saturas-Zarzadzanie-Uzytkownikami-975c2b5/saturas-Zarzadzanie-Uzytkownikami-975c2b5/Zarzadzanie.Test/bin/Debug/Zarzadzanie.Test.DLL" adapterTypeName="Microsoft.VisualStudio.TestTools.TestTypes.Unit.UnitTestAdapter, Microsoft.VisualStudio.QualityTools.Tips.UnitTest.Adapter, Version=10.0.0.0, Culture=neutral, PublicKeyToken=b03f5f7f11d50a3a" className="Zarzadzanie_Uzytkownikami.Tests.ManagerLogowaniaTest, Zarzadzanie.Test, Version=1.0.0.0, Culture=neutral, PublicKeyToken=null" name="DodajNowegoPracownikaTest" />
    </UnitTest>
    <UnitTest name="RolaPracownikConstructorTest" storage="c:\users\okrm\desktop\projekt - zarzadzania uzytkownikami\saturas-zarzadzanie-uzytkownikami-975c2b5\saturas-zarzadzanie-uzytkownikami-975c2b5\zarzadzanie.test\bin\debug\zarzadzanie.test.dll" id="504c366e-44a7-ec81-265a-60e486898e6e">
      <Execution id="66e5d48d-eff5-4fcf-b5b2-c2861afca72a" />
      <TestMethod codeBase="C:/Users/Okrm/Desktop/Projekt - zarzadzania uzytkownikami/saturas-Zarzadzanie-Uzytkownikami-975c2b5/saturas-Zarzadzanie-Uzytkownikami-975c2b5/Zarzadzanie.Test/bin/Debug/Zarzadzanie.Test.DLL" adapterTypeName="Microsoft.VisualStudio.TestTools.TestTypes.Unit.UnitTestAdapter, Microsoft.VisualStudio.QualityTools.Tips.UnitTest.Adapter, Version=10.0.0.0, Culture=neutral, PublicKeyToken=b03f5f7f11d50a3a" className="Zarzadzanie.Test.RolaPracownikTest, Zarzadzanie.Test, Version=1.0.0.0, Culture=neutral, PublicKeyToken=null" name="RolaPracownikConstructorTest" />
    </UnitTest>
    <UnitTest name="ImieTest" storage="c:\users\okrm\desktop\projekt - zarzadzania uzytkownikami\saturas-zarzadzanie-uzytkownikami-975c2b5\saturas-zarzadzanie-uzytkownikami-975c2b5\zarzadzanie.test\bin\debug\zarzadzanie.test.dll" id="3e4dd43f-c71e-ac33-2983-bf0bbad2c8ba">
      <Execution id="4e9ea8a2-d061-4865-b763-b71faebdfbb5" />
      <TestMethod codeBase="C:/Users/Okrm/Desktop/Projekt - zarzadzania uzytkownikami/saturas-Zarzadzanie-Uzytkownikami-975c2b5/saturas-Zarzadzanie-Uzytkownikami-975c2b5/Zarzadzanie.Test/bin/Debug/Zarzadzanie.Test.DLL" adapterTypeName="Microsoft.VisualStudio.TestTools.TestTypes.Unit.UnitTestAdapter, Microsoft.VisualStudio.QualityTools.Tips.UnitTest.Adapter, Version=10.0.0.0, Culture=neutral, PublicKeyToken=b03f5f7f11d50a3a" className="Zarzadzanie_Uzytkownikami.Tests.UzytkownikTest, Zarzadzanie.Test, Version=1.0.0.0, Culture=neutral, PublicKeyToken=null" name="ImieTest" />
    </UnitTest>
    <UnitTest name="WeryfikujPrzydzialRoliTest" storage="c:\users\okrm\desktop\projekt - zarzadzania uzytkownikami\saturas-zarzadzanie-uzytkownikami-975c2b5\saturas-zarzadzanie-uzytkownikami-975c2b5\zarzadzanie.test\bin\debug\zarzadzanie.test.dll" id="1386703f-b382-8725-4778-6e515b13e85e">
      <Execution id="d686f031-2e32-4fab-be76-9a9bb13d7928" />
      <TestMethod codeBase="C:/Users/Okrm/Desktop/Projekt - zarzadzania uzytkownikami/saturas-Zarzadzanie-Uzytkownikami-975c2b5/saturas-Zarzadzanie-Uzytkownikami-975c2b5/Zarzadzanie.Test/bin/Debug/Zarzadzanie.Test.DLL" adapterTypeName="Microsoft.VisualStudio.TestTools.TestTypes.Unit.UnitTestAdapter, Microsoft.VisualStudio.QualityTools.Tips.UnitTest.Adapter, Version=10.0.0.0, Culture=neutral, PublicKeyToken=b03f5f7f11d50a3a" className="Zarzadzanie_Uzytkownikami.Tests.RolaAdministratorTest, Zarzadzanie.Test, Version=1.0.0.0, Culture=neutral, PublicKeyToken=null" name="WeryfikujPrzydzialRoliTest" />
    </UnitTest>
    <UnitTest name="GetInstanceTest" storage="c:\users\okrm\desktop\projekt - zarzadzania uzytkownikami\saturas-zarzadzanie-uzytkownikami-975c2b5\saturas-zarzadzanie-uzytkownikami-975c2b5\zarzadzanie.test\bin\debug\zarzadzanie.test.dll" id="bb3a00e2-007f-1587-d564-f9594eb6983d">
      <Execution id="e760f094-952e-43d4-9b3a-a02f54de5a64" />
      <TestMethod codeBase="C:/Users/Okrm/Desktop/Projekt - zarzadzania uzytkownikami/saturas-Zarzadzanie-Uzytkownikami-975c2b5/saturas-Zarzadzanie-Uzytkownikami-975c2b5/Zarzadzanie.Test/bin/Debug/Zarzadzanie.Test.DLL" adapterTypeName="Microsoft.VisualStudio.TestTools.TestTypes.Unit.UnitTestAdapter, Microsoft.VisualStudio.QualityTools.Tips.UnitTest.Adapter, Version=10.0.0.0, Culture=neutral, PublicKeyToken=b03f5f7f11d50a3a" className="Zarzadzanie_Uzytkownikami.Tests.HistoriaZlecenTest, Zarzadzanie.Test, Version=1.0.0.0, Culture=neutral, PublicKeyToken=null" name="GetInstanceTest" />
    </UnitTest>
    <UnitTest name="ZlecenieArchiwalneConstructorTest" storage="c:\users\okrm\desktop\projekt - zarzadzania uzytkownikami\saturas-zarzadzanie-uzytkownikami-975c2b5\saturas-zarzadzanie-uzytkownikami-975c2b5\zarzadzanie.test\bin\debug\zarzadzanie.test.dll" id="ce4cdb06-9a83-c9ce-a36f-f93949e7db7a">
      <Execution id="2ff0b28a-462e-49c9-b286-1b1cad7d715b" />
      <TestMethod codeBase="C:/Users/Okrm/Desktop/Projekt - zarzadzania uzytkownikami/saturas-Zarzadzanie-Uzytkownikami-975c2b5/saturas-Zarzadzanie-Uzytkownikami-975c2b5/Zarzadzanie.Test/bin/Debug/Zarzadzanie.Test.DLL" adapterTypeName="Microsoft.VisualStudio.TestTools.TestTypes.Unit.UnitTestAdapter, Microsoft.VisualStudio.QualityTools.Tips.UnitTest.Adapter, Version=10.0.0.0, Culture=neutral, PublicKeyToken=b03f5f7f11d50a3a" className="Zarzadzanie.Test.ZlecenieArchiwalneTest, Zarzadzanie.Test, Version=1.0.0.0, Culture=neutral, PublicKeyToken=null" name="ZlecenieArchiwalneConstructorTest" />
    </UnitTest>
    <UnitTest name="ListaZlecenBiezacychNieprzydzielonychTest" storage="c:\users\okrm\desktop\projekt - zarzadzania uzytkownikami\saturas-zarzadzanie-uzytkownikami-975c2b5\saturas-zarzadzanie-uzytkownikami-975c2b5\zarzadzanie.test\bin\debug\zarzadzanie.test.dll" id="9e7a6284-d084-1251-0587-2e5b35dc81bb">
      <Execution id="a42a725c-74d7-4895-8494-1acc2a2cd4bf" />
      <TestMethod codeBase="C:/Users/Okrm/Desktop/Projekt - zarzadzania uzytkownikami/saturas-Zarzadzanie-Uzytkownikami-975c2b5/saturas-Zarzadzanie-Uzytkownikami-975c2b5/Zarzadzanie.Test/bin/Debug/Zarzadzanie.Test.DLL" adapterTypeName="Microsoft.VisualStudio.TestTools.TestTypes.Unit.UnitTestAdapter, Microsoft.VisualStudio.QualityTools.Tips.UnitTest.Adapter, Version=10.0.0.0, Culture=neutral, PublicKeyToken=b03f5f7f11d50a3a" className="Zarzadzanie.Test.RolaPracownikTest, Zarzadzanie.Test, Version=1.0.0.0, Culture=neutral, PublicKeyToken=null" name="ListaZlecenBiezacychNieprzydzielonychTest" />
    </UnitTest>
    <UnitTest name="DodajRoleTest" storage="c:\users\okrm\desktop\projekt - zarzadzania uzytkownikami\saturas-zarzadzanie-uzytkownikami-975c2b5\saturas-zarzadzanie-uzytkownikami-975c2b5\zarzadzanie.test\bin\debug\zarzadzanie.test.dll" id="d8262a8e-d89e-2b9f-e798-821fadf1aba8">
      <Execution id="fadd354f-a213-46a6-a1ef-031e0d89d6dc" />
      <TestMethod codeBase="C:/Users/Okrm/Desktop/Projekt - zarzadzania uzytkownikami/saturas-Zarzadzanie-Uzytkownikami-975c2b5/saturas-Zarzadzanie-Uzytkownikami-975c2b5/Zarzadzanie.Test/bin/Debug/Zarzadzanie.Test.DLL" adapterTypeName="Microsoft.VisualStudio.TestTools.TestTypes.Unit.UnitTestAdapter, Microsoft.VisualStudio.QualityTools.Tips.UnitTest.Adapter, Version=10.0.0.0, Culture=neutral, PublicKeyToken=b03f5f7f11d50a3a" className="Zarzadzanie_Uzytkownikami.Tests.UzytkownikTest, Zarzadzanie.Test, Version=1.0.0.0, Culture=neutral, PublicKeyToken=null" name="DodajRoleTest" />
    </UnitTest>
    <UnitTest name="UzytkownikConstructorTest" storage="c:\users\okrm\desktop\projekt - zarzadzania uzytkownikami\saturas-zarzadzanie-uzytkownikami-975c2b5\saturas-zarzadzanie-uzytkownikami-975c2b5\zarzadzanie.test\bin\debug\zarzadzanie.test.dll" id="3ae8f7a2-c929-8faf-e22c-fd5470e548a1">
      <Execution id="dd8a19c1-f9bf-4335-857d-76243604a64f" />
      <TestMethod codeBase="C:/Users/Okrm/Desktop/Projekt - zarzadzania uzytkownikami/saturas-Zarzadzanie-Uzytkownikami-975c2b5/saturas-Zarzadzanie-Uzytkownikami-975c2b5/Zarzadzanie.Test/bin/Debug/Zarzadzanie.Test.DLL" adapterTypeName="Microsoft.VisualStudio.TestTools.TestTypes.Unit.UnitTestAdapter, Microsoft.VisualStudio.QualityTools.Tips.UnitTest.Adapter, Version=10.0.0.0, Culture=neutral, PublicKeyToken=b03f5f7f11d50a3a" className="Zarzadzanie_Uzytkownikami.Tests.UzytkownikTest, Zarzadzanie.Test, Version=1.0.0.0, Culture=neutral, PublicKeyToken=null" name="UzytkownikConstructorTest" />
    </UnitTest>
    <UnitTest name="RolaKlientConstructorTest" storage="c:\users\okrm\desktop\projekt - zarzadzania uzytkownikami\saturas-zarzadzanie-uzytkownikami-975c2b5\saturas-zarzadzanie-uzytkownikami-975c2b5\zarzadzanie.test\bin\debug\zarzadzanie.test.dll" id="e75dfd00-d175-70e0-a7f6-d5943e8bcd9b">
      <Execution id="174f2dd1-305d-414f-b075-2ffff4b759dd" />
      <TestMethod codeBase="C:/Users/Okrm/Desktop/Projekt - zarzadzania uzytkownikami/saturas-Zarzadzanie-Uzytkownikami-975c2b5/saturas-Zarzadzanie-Uzytkownikami-975c2b5/Zarzadzanie.Test/bin/Debug/Zarzadzanie.Test.DLL" adapterTypeName="Microsoft.VisualStudio.TestTools.TestTypes.Unit.UnitTestAdapter, Microsoft.VisualStudio.QualityTools.Tips.UnitTest.Adapter, Version=10.0.0.0, Culture=neutral, PublicKeyToken=b03f5f7f11d50a3a" className="Zarzadzanie.Test.RolaKlientTest, Zarzadzanie.Test, Version=1.0.0.0, Culture=neutral, PublicKeyToken=null" name="RolaKlientConstructorTest" />
    </UnitTest>
    <UnitTest name="NumeratorTest" storage="c:\users\okrm\desktop\projekt - zarzadzania uzytkownikami\saturas-zarzadzanie-uzytkownikami-975c2b5\saturas-zarzadzanie-uzytkownikami-975c2b5\zarzadzanie.test\bin\debug\zarzadzanie.test.dll" id="7b939219-f612-895a-caab-ad286d6b7074">
      <Execution id="40f677f4-82ae-41eb-8932-45961256bb51" />
      <TestMethod codeBase="C:/Users/Okrm/Desktop/Projekt - zarzadzania uzytkownikami/saturas-Zarzadzanie-Uzytkownikami-975c2b5/saturas-Zarzadzanie-Uzytkownikami-975c2b5/Zarzadzanie.Test/bin/Debug/Zarzadzanie.Test.DLL" adapterTypeName="Microsoft.VisualStudio.TestTools.TestTypes.Unit.UnitTestAdapter, Microsoft.VisualStudio.QualityTools.Tips.UnitTest.Adapter, Version=10.0.0.0, Culture=neutral, PublicKeyToken=b03f5f7f11d50a3a" className="Zarzadzanie.Test.RolaTlumaczTest, Zarzadzanie.Test, Version=1.0.0.0, Culture=neutral, PublicKeyToken=null" name="NumeratorTest" />
    </UnitTest>
    <UnitTest name="ListaUzytkownikowZNowymiRolamiTest" storage="c:\users\okrm\desktop\projekt - zarzadzania uzytkownikami\saturas-zarzadzanie-uzytkownikami-975c2b5\saturas-zarzadzanie-uzytkownikami-975c2b5\zarzadzanie.test\bin\debug\zarzadzanie.test.dll" id="7aaa9e5d-f821-2b44-afa3-7b32fefca889">
      <Execution id="ee6e4556-e38c-4f1f-9aa8-7f4f76a4d708" />
      <TestMethod codeBase="C:/Users/Okrm/Desktop/Projekt - zarzadzania uzytkownikami/saturas-Zarzadzanie-Uzytkownikami-975c2b5/saturas-Zarzadzanie-Uzytkownikami-975c2b5/Zarzadzanie.Test/bin/Debug/Zarzadzanie.Test.DLL" adapterTypeName="Microsoft.VisualStudio.TestTools.TestTypes.Unit.UnitTestAdapter, Microsoft.VisualStudio.QualityTools.Tips.UnitTest.Adapter, Version=10.0.0.0, Culture=neutral, PublicKeyToken=b03f5f7f11d50a3a" className="Zarzadzanie_Uzytkownikami.Tests.ManagerLogowaniaTest, Zarzadzanie.Test, Version=1.0.0.0, Culture=neutral, PublicKeyToken=null" name="ListaUzytkownikowZNowymiRolamiTest" />
    </UnitTest>
    <UnitTest name="ListaNumerowTlumaczyKtorzyTlumaczyliTest" storage="c:\users\okrm\desktop\projekt - zarzadzania uzytkownikami\saturas-zarzadzanie-uzytkownikami-975c2b5\saturas-zarzadzanie-uzytkownikami-975c2b5\zarzadzanie.test\bin\debug\zarzadzanie.test.dll" id="37ebaf08-dd55-e711-3c19-92a17dcbf0d3">
      <Execution id="7e509dee-374c-4295-b374-c53a77462c7b" />
      <TestMethod codeBase="C:/Users/Okrm/Desktop/Projekt - zarzadzania uzytkownikami/saturas-Zarzadzanie-Uzytkownikami-975c2b5/saturas-Zarzadzanie-Uzytkownikami-975c2b5/Zarzadzanie.Test/bin/Debug/Zarzadzanie.Test.DLL" adapterTypeName="Microsoft.VisualStudio.TestTools.TestTypes.Unit.UnitTestAdapter, Microsoft.VisualStudio.QualityTools.Tips.UnitTest.Adapter, Version=10.0.0.0, Culture=neutral, PublicKeyToken=b03f5f7f11d50a3a" className="Zarzadzanie.Test.ZlecenieArchiwalneTest, Zarzadzanie.Test, Version=1.0.0.0, Culture=neutral, PublicKeyToken=null" name="ListaNumerowTlumaczyKtorzyTlumaczyliTest" />
    </UnitTest>
    <UnitTest name="ZwrocRekordyKlientaTest" storage="c:\users\okrm\desktop\projekt - zarzadzania uzytkownikami\saturas-zarzadzanie-uzytkownikami-975c2b5\saturas-zarzadzanie-uzytkownikami-975c2b5\zarzadzanie.test\bin\debug\zarzadzanie.test.dll" id="c1ee7504-b576-9e6b-517e-ffa1dda8ffc2">
      <Execution id="0cfa4b9e-e23e-479b-ba58-d0649e3d90d9" />
      <TestMethod codeBase="C:/Users/Okrm/Desktop/Projekt - zarzadzania uzytkownikami/saturas-Zarzadzanie-Uzytkownikami-975c2b5/saturas-Zarzadzanie-Uzytkownikami-975c2b5/Zarzadzanie.Test/bin/Debug/Zarzadzanie.Test.DLL" adapterTypeName="Microsoft.VisualStudio.TestTools.TestTypes.Unit.UnitTestAdapter, Microsoft.VisualStudio.QualityTools.Tips.UnitTest.Adapter, Version=10.0.0.0, Culture=neutral, PublicKeyToken=b03f5f7f11d50a3a" className="Zarzadzanie_Uzytkownikami.Tests.HistoriaZlecenTest, Zarzadzanie.Test, Version=1.0.0.0, Culture=neutral, PublicKeyToken=null" name="ZwrocRekordyKlientaTest" />
    </UnitTest>
    <UnitTest name="PrzydzielZlecenieTest" storage="c:\users\okrm\desktop\projekt - zarzadzania uzytkownikami\saturas-zarzadzanie-uzytkownikami-975c2b5\saturas-zarzadzanie-uzytkownikami-975c2b5\zarzadzanie.test\bin\debug\zarzadzanie.test.dll" id="2111cdec-b51e-64d0-89a1-592f3f795f84">
      <Execution id="78dbd395-ceaf-4178-9878-03ed840f6690" />
      <TestMethod codeBase="C:/Users/Okrm/Desktop/Projekt - zarzadzania uzytkownikami/saturas-Zarzadzanie-Uzytkownikami-975c2b5/saturas-Zarzadzanie-Uzytkownikami-975c2b5/Zarzadzanie.Test/bin/Debug/Zarzadzanie.Test.DLL" adapterTypeName="Microsoft.VisualStudio.TestTools.TestTypes.Unit.UnitTestAdapter, Microsoft.VisualStudio.QualityTools.Tips.UnitTest.Adapter, Version=10.0.0.0, Culture=neutral, PublicKeyToken=b03f5f7f11d50a3a" className="Zarzadzanie.Test.RolaPracownikTest, Zarzadzanie.Test, Version=1.0.0.0, Culture=neutral, PublicKeyToken=null" name="PrzydzielZlecenieTest" />
    </UnitTest>
    <UnitTest name="StopienRealizacjiTest" storage="c:\users\okrm\desktop\projekt - zarzadzania uzytkownikami\saturas-zarzadzanie-uzytkownikami-975c2b5\saturas-zarzadzanie-uzytkownikami-975c2b5\zarzadzanie.test\bin\debug\zarzadzanie.test.dll" id="f862bd14-606d-98a7-90b6-ba1671d10bcb">
      <Execution id="1361c88a-bfef-46cb-9896-8598a9ce8bc0" />
      <TestMethod codeBase="C:/Users/Okrm/Desktop/Projekt - zarzadzania uzytkownikami/saturas-Zarzadzanie-Uzytkownikami-975c2b5/saturas-Zarzadzanie-Uzytkownikami-975c2b5/Zarzadzanie.Test/bin/Debug/Zarzadzanie.Test.DLL" adapterTypeName="Microsoft.VisualStudio.TestTools.TestTypes.Unit.UnitTestAdapter, Microsoft.VisualStudio.QualityTools.Tips.UnitTest.Adapter, Version=10.0.0.0, Culture=neutral, PublicKeyToken=b03f5f7f11d50a3a" className="Zarzadzanie.Test.ZlecenieBiezaceTest, Zarzadzanie.Test, Version=1.0.0.0, Culture=neutral, PublicKeyToken=null" name="StopienRealizacjiTest" />
    </UnitTest>
    <UnitTest name="DataRealizacjiTest" storage="c:\users\okrm\desktop\projekt - zarzadzania uzytkownikami\saturas-zarzadzanie-uzytkownikami-975c2b5\saturas-zarzadzanie-uzytkownikami-975c2b5\zarzadzanie.test\bin\debug\zarzadzanie.test.dll" id="df3766e4-d9d5-4033-f867-72f676a21b6f">
      <Execution id="15aef20d-e361-4f74-8b8c-86ecde5c6cbc" />
      <TestMethod codeBase="C:/Users/Okrm/Desktop/Projekt - zarzadzania uzytkownikami/saturas-Zarzadzanie-Uzytkownikami-975c2b5/saturas-Zarzadzanie-Uzytkownikami-975c2b5/Zarzadzanie.Test/bin/Debug/Zarzadzanie.Test.DLL" adapterTypeName="Microsoft.VisualStudio.TestTools.TestTypes.Unit.UnitTestAdapter, Microsoft.VisualStudio.QualityTools.Tips.UnitTest.Adapter, Version=10.0.0.0, Culture=neutral, PublicKeyToken=b03f5f7f11d50a3a" className="Zarzadzanie.Test.ZlecenieArchiwalneTest, Zarzadzanie.Test, Version=1.0.0.0, Culture=neutral, PublicKeyToken=null" name="DataRealizacjiTest" />
    </UnitTest>
  </TestDefinitions>
  <TestLists>
    <TestList name="Results Not in a List" id="8c84fa94-04c1-424b-9868-57a2d4851a1d" />
    <TestList name="All Loaded Results" id="19431567-8539-422a-85d7-44ee4e166bda" />
  </TestLists>
  <TestEntries>
    <TestEntry testId="005845ea-0d3c-8a04-b548-045d3c8dc0c2" executionId="0fb5bc0f-d6d0-47fe-b6fa-fd172df19e5f" testListId="8c84fa94-04c1-424b-9868-57a2d4851a1d" />
    <TestEntry testId="05978091-f0ac-01b3-83aa-028d3b669724" executionId="c6f01433-8997-4d22-bb44-c982bc524627" testListId="8c84fa94-04c1-424b-9868-57a2d4851a1d" />
    <TestEntry testId="0f522e79-d79a-b034-ec6a-efb0554ed60b" executionId="48003529-4b3e-46dc-a14b-f09e36cfa63f" testListId="8c84fa94-04c1-424b-9868-57a2d4851a1d" />
    <TestEntry testId="1039187c-4e14-537e-ab54-518aeb80ee71" executionId="158cfd5a-af16-4560-8e88-e29b43fe864d" testListId="8c84fa94-04c1-424b-9868-57a2d4851a1d" />
    <TestEntry testId="1386703f-b382-8725-4778-6e515b13e85e" executionId="d686f031-2e32-4fab-be76-9a9bb13d7928" testListId="8c84fa94-04c1-424b-9868-57a2d4851a1d" />
    <TestEntry testId="14974ae4-1e40-88d9-f966-53ea169ebefd" executionId="0e3083b7-5448-463a-a704-af1bb9b0e87f" testListId="8c84fa94-04c1-424b-9868-57a2d4851a1d" />
    <TestEntry testId="166ea43c-aada-9251-f431-64b4b4d587e8" executionId="5d3b2460-d2f6-4bcf-9b0f-2cea1e4e94e0" testListId="8c84fa94-04c1-424b-9868-57a2d4851a1d" />
    <TestEntry testId="173c2bf1-7b82-ff5b-5118-99785ebbfb00" executionId="eeb58166-61b5-4c6f-812a-a07740541dd5" testListId="8c84fa94-04c1-424b-9868-57a2d4851a1d" />
    <TestEntry testId="1b42ff37-c4f8-ae7a-b181-95870af37981" executionId="9ccf1162-96ae-4898-9c90-9934cd4911ff" testListId="8c84fa94-04c1-424b-9868-57a2d4851a1d" />
    <TestEntry testId="2111cdec-b51e-64d0-89a1-592f3f795f84" executionId="78dbd395-ceaf-4178-9878-03ed840f6690" testListId="8c84fa94-04c1-424b-9868-57a2d4851a1d" />
    <TestEntry testId="2b3e95f9-c9b1-d453-5455-7d833cc84a4e" executionId="74395d99-7378-4450-a2ff-dde4afa76b88" testListId="8c84fa94-04c1-424b-9868-57a2d4851a1d" />
    <TestEntry testId="3178001c-65da-5894-4de5-45f2a7c6ef84" executionId="9eaaae32-6216-44df-8f07-584f742106cd" testListId="8c84fa94-04c1-424b-9868-57a2d4851a1d" />
    <TestEntry testId="37ebaf08-dd55-e711-3c19-92a17dcbf0d3" executionId="7e509dee-374c-4295-b374-c53a77462c7b" testListId="8c84fa94-04c1-424b-9868-57a2d4851a1d" />
    <TestEntry testId="3a59bfc9-041e-7e33-1650-a76f67410120" executionId="f6db37eb-82fd-4577-b2fb-209e296efbf0" testListId="8c84fa94-04c1-424b-9868-57a2d4851a1d" />
    <TestEntry testId="3ae8f7a2-c929-8faf-e22c-fd5470e548a1" executionId="dd8a19c1-f9bf-4335-857d-76243604a64f" testListId="8c84fa94-04c1-424b-9868-57a2d4851a1d" />
    <TestEntry testId="3b5582b3-d303-8198-b4f7-2bd9cee90085" executionId="54f56220-bcfd-4505-ad7c-a899a53201de" testListId="8c84fa94-04c1-424b-9868-57a2d4851a1d" />
    <TestEntry testId="3b6ec050-6969-750d-e6d6-acec7372d75a" executionId="2cd9a7d6-0790-40f8-af71-745f02abed01" testListId="8c84fa94-04c1-424b-9868-57a2d4851a1d" />
    <TestEntry testId="3b85baef-cf6a-4dc9-48f8-7079d3fabb57" executionId="8c71e37f-5775-40fb-9ef5-76ae80191762" testListId="8c84fa94-04c1-424b-9868-57a2d4851a1d" />
    <TestEntry testId="3bded695-a44d-d000-f8bd-32e5d3767d74" executionId="85acf266-4360-4696-8bd8-b2bffae189ba" testListId="8c84fa94-04c1-424b-9868-57a2d4851a1d" />
    <TestEntry testId="3e4dd43f-c71e-ac33-2983-bf0bbad2c8ba" executionId="4e9ea8a2-d061-4865-b763-b71faebdfbb5" testListId="8c84fa94-04c1-424b-9868-57a2d4851a1d" />
    <TestEntry testId="3eec3270-513e-8277-3d4a-f4dfd8b693f3" executionId="17345a08-4f55-4ab6-bc37-c2768a596eb9" testListId="8c84fa94-04c1-424b-9868-57a2d4851a1d" />
    <TestEntry testId="49773854-983f-3153-1426-cb816c08b596" executionId="c1027a14-ff08-4dd9-9373-cd3b1f263fa0" testListId="8c84fa94-04c1-424b-9868-57a2d4851a1d" />
    <TestEntry testId="49c05f9e-5a5d-fe7b-af8e-25af946d5b7c" executionId="16d4dc6c-2cba-4242-a0f5-19ece2bcabd8" testListId="8c84fa94-04c1-424b-9868-57a2d4851a1d" />
    <TestEntry testId="49f53d69-db2d-f5da-10a3-ae5515be3bbf" executionId="0477b8fc-f0df-4e75-b885-f20672bf29c7" testListId="8c84fa94-04c1-424b-9868-57a2d4851a1d" />
    <TestEntry testId="504c366e-44a7-ec81-265a-60e486898e6e" executionId="66e5d48d-eff5-4fcf-b5b2-c2861afca72a" testListId="8c84fa94-04c1-424b-9868-57a2d4851a1d" />
    <TestEntry testId="519de9e3-74d7-1d8e-7964-df05b50898a6" executionId="3a162b0f-fa09-4520-8fc4-4b226e66d194" testListId="8c84fa94-04c1-424b-9868-57a2d4851a1d" />
    <TestEntry testId="56334147-1f5c-1d82-bf78-6e17cdd1fdcc" executionId="dbce822e-1221-48da-b50b-44ccd120a749" testListId="8c84fa94-04c1-424b-9868-57a2d4851a1d" />
    <TestEntry testId="58baebd9-3bed-4891-ea2b-a4d59294957f" executionId="58b090f2-972a-4c41-a520-f39f6f303907" testListId="8c84fa94-04c1-424b-9868-57a2d4851a1d" />
    <TestEntry testId="5b7704fd-a0e4-ed35-63c8-c95a40ae20ce" executionId="7588e966-ce58-4a7d-a4e1-442c443fafb8" testListId="8c84fa94-04c1-424b-9868-57a2d4851a1d" />
    <TestEntry testId="6b11ba16-22e8-dd16-4e4e-6827b12fc0bc" executionId="006e3441-c2ae-4a28-be76-ff71a40feb90" testListId="8c84fa94-04c1-424b-9868-57a2d4851a1d" />
    <TestEntry testId="6c257bae-a8df-31ac-b3f4-3f9ca8bdbf93" executionId="385c919f-3048-4be7-9f79-cc5ed664e282" testListId="8c84fa94-04c1-424b-9868-57a2d4851a1d" />
    <TestEntry testId="7aaa9e5d-f821-2b44-afa3-7b32fefca889" executionId="ee6e4556-e38c-4f1f-9aa8-7f4f76a4d708" testListId="8c84fa94-04c1-424b-9868-57a2d4851a1d" />
    <TestEntry testId="7b939219-f612-895a-caab-ad286d6b7074" executionId="40f677f4-82ae-41eb-8932-45961256bb51" testListId="8c84fa94-04c1-424b-9868-57a2d4851a1d" />
    <TestEntry testId="7f142f7d-2b12-19ca-6126-9fc25dceeeb4" executionId="b699dd80-cc61-46f3-a0a9-121b3364af2e" testListId="8c84fa94-04c1-424b-9868-57a2d4851a1d" />
    <TestEntry testId="8cd14aed-2c28-4319-a8ad-3ad65c3ac7ca" executionId="0025e7e6-4818-49b7-aa5a-cf88439d5f01" testListId="8c84fa94-04c1-424b-9868-57a2d4851a1d" />
    <TestEntry testId="9537e62d-8a43-33e3-f7b1-9fd832d01126" executionId="17a6c1de-fb7f-4d44-b926-41e255c6cbfa" testListId="8c84fa94-04c1-424b-9868-57a2d4851a1d" />
    <TestEntry testId="992b2dc9-2ec3-8482-6862-5625ed92f6cc" executionId="e687986d-a2de-41a6-958b-6b888d8932a9" testListId="8c84fa94-04c1-424b-9868-57a2d4851a1d" />
    <TestEntry testId="9c97b3a4-4c72-95fe-740e-5c12ee2c3741" executionId="d80b0021-223a-468c-8a42-572d41aba1c3" testListId="8c84fa94-04c1-424b-9868-57a2d4851a1d" />
    <TestEntry testId="9e7a6284-d084-1251-0587-2e5b35dc81bb" executionId="a42a725c-74d7-4895-8494-1acc2a2cd4bf" testListId="8c84fa94-04c1-424b-9868-57a2d4851a1d" />
    <TestEntry testId="9fa2a185-8021-aee1-eccf-a20f09e4d8c0" executionId="63f92357-7e71-4b5c-ba26-142d5227f1d4" testListId="8c84fa94-04c1-424b-9868-57a2d4851a1d" />
    <TestEntry testId="a2afdcef-aa1e-be44-1bdb-2104424d4f22" executionId="d3315faa-06e3-4923-ac35-bfbd1a16ebeb" testListId="8c84fa94-04c1-424b-9868-57a2d4851a1d" />
    <TestEntry testId="a5e6cfdc-d03b-f615-c8e0-28221302a5bf" executionId="1e31e769-358c-449d-9799-84f33fe54280" testListId="8c84fa94-04c1-424b-9868-57a2d4851a1d" />
    <TestEntry testId="ac548309-2e88-c8a4-d705-4a7b24fb90ba" executionId="07c573e2-7133-4d6d-92be-a56cf209f8c1" testListId="8c84fa94-04c1-424b-9868-57a2d4851a1d" />
    <TestEntry testId="aec15c2c-4694-dffa-3310-6e0f3a468888" executionId="3b4f40cd-5c84-4edc-a261-add7d306ad57" testListId="8c84fa94-04c1-424b-9868-57a2d4851a1d" />
    <TestEntry testId="b1da090b-a3db-9650-592a-e5225ba14f6b" executionId="38f75c2e-3acb-4ddd-9f26-c63a9731d107" testListId="8c84fa94-04c1-424b-9868-57a2d4851a1d" />
    <TestEntry testId="b8acfc95-0d6c-ab8f-a160-166bb04d6eb2" executionId="f46db5ad-306f-4083-b5b1-338f215551b2" testListId="8c84fa94-04c1-424b-9868-57a2d4851a1d" />
    <TestEntry testId="bb3a00e2-007f-1587-d564-f9594eb6983d" executionId="e760f094-952e-43d4-9b3a-a02f54de5a64" testListId="8c84fa94-04c1-424b-9868-57a2d4851a1d" />
    <TestEntry testId="c133290d-b738-c98a-dbf7-467c8ddc68ad" executionId="b71d49e5-1943-4ec3-8bfb-ed57384e6b74" testListId="8c84fa94-04c1-424b-9868-57a2d4851a1d" />
    <TestEntry testId="c1ee7504-b576-9e6b-517e-ffa1dda8ffc2" executionId="0cfa4b9e-e23e-479b-ba58-d0649e3d90d9" testListId="8c84fa94-04c1-424b-9868-57a2d4851a1d" />
    <TestEntry testId="c723663c-8551-4923-1f7f-1d2f087d05d3" executionId="c9c13ba9-25c7-48a7-95e1-0cd46ba41f6a" testListId="8c84fa94-04c1-424b-9868-57a2d4851a1d" />
    <TestEntry testId="ce4cdb06-9a83-c9ce-a36f-f93949e7db7a" executionId="2ff0b28a-462e-49c9-b286-1b1cad7d715b" testListId="8c84fa94-04c1-424b-9868-57a2d4851a1d" />
    <TestEntry testId="d8262a8e-d89e-2b9f-e798-821fadf1aba8" executionId="fadd354f-a213-46a6-a1ef-031e0d89d6dc" testListId="8c84fa94-04c1-424b-9868-57a2d4851a1d" />
    <TestEntry testId="df3766e4-d9d5-4033-f867-72f676a21b6f" executionId="15aef20d-e361-4f74-8b8c-86ecde5c6cbc" testListId="8c84fa94-04c1-424b-9868-57a2d4851a1d" />
    <TestEntry testId="e72c788c-f2e6-cdf4-0db3-f9780ecf9952" executionId="dfdcf816-5ce9-4309-949c-bcf5134a52c8" testListId="8c84fa94-04c1-424b-9868-57a2d4851a1d" />
    <TestEntry testId="e75dfd00-d175-70e0-a7f6-d5943e8bcd9b" executionId="174f2dd1-305d-414f-b075-2ffff4b759dd" testListId="8c84fa94-04c1-424b-9868-57a2d4851a1d" />
    <TestEntry testId="eabaa878-b3d8-ba0f-f5ec-66030ff1054c" executionId="446cd837-6de8-49b2-a3b0-6b1bc4297f91" testListId="8c84fa94-04c1-424b-9868-57a2d4851a1d" />
    <TestEntry testId="f414574b-b094-fe02-704e-e2acfca1649c" executionId="f960164c-9fcf-469a-96e1-e66a5e796020" testListId="8c84fa94-04c1-424b-9868-57a2d4851a1d" />
    <TestEntry testId="f862bd14-606d-98a7-90b6-ba1671d10bcb" executionId="1361c88a-bfef-46cb-9896-8598a9ce8bc0" testListId="8c84fa94-04c1-424b-9868-57a2d4851a1d" />
    <TestEntry testId="f8963391-2a9e-7606-1d73-db13060dc7cf" executionId="3fb1d6d5-beb3-48d2-9928-a5716f726b30" testListId="8c84fa94-04c1-424b-9868-57a2d4851a1d" />
    <TestEntry testId="f98565ef-7220-7c96-475e-4b1ff3a90883" executionId="7f641b98-f8ff-49eb-affb-6d7d35273bae" testListId="8c84fa94-04c1-424b-9868-57a2d4851a1d" />
    <TestEntry testId="fcb43331-0844-8756-08fe-c9f6b6f6a25c" executionId="281838c6-6db3-4d9a-a8af-ef0614672b33" testListId="8c84fa94-04c1-424b-9868-57a2d4851a1d" />
  </TestEntries>
  <Results>
    <UnitTestResult executionId="0fb5bc0f-d6d0-47fe-b6fa-fd172df19e5f" testId="005845ea-0d3c-8a04-b548-045d3c8dc0c2" testName="ZlozZlecenieTest" computerName="OKRM-KOMPUTER" duration="00:00:00.0345089" startTime="2012-01-12T15:56:38.0156250+01:00" endTime="2012-01-12T15:56:38.3076171+01:00" testType="13cdc9d9-ddb5-4fa4-a97d-d965ccfc6d4b" outcome="Failed" testListId="8c84fa94-04c1-424b-9868-57a2d4851a1d" relativeResultsDirectory="0fb5bc0f-d6d0-47fe-b6fa-fd172df19e5f">
      <Output>
        <ErrorInfo>
          <Message>Test method Zarzadzanie.Test.RolaKlientTest.ZlozZlecenieTest threw exception: 
System.NullReferenceException: Odwołanie do obiektu nie zostało ustawione na wystąpienie obiektu.</Message>
          <StackTrace>    w Zarzadzanie_uzytkownikami.RolaKlient.ZlozZlecenie(LinkedList`1 dokumenty, DateTime terminUkonczenia) w C:\Users\Okrm\Desktop\Projekt - zarzadzania uzytkownikami\saturas-Zarzadzanie-Uzytkownikami-975c2b5\saturas-Zarzadzanie-Uzytkownikami-975c2b5\Zarzadzanie uzytkownikami\Role\RolaKlient.cs:wiersz 46
   w Zarzadzanie.Test.RolaKlientTest.ZlozZlecenieTest() w C:\Users\Okrm\Desktop\Projekt - zarzadzania uzytkownikami\saturas-Zarzadzanie-Uzytkownikami-975c2b5\saturas-Zarzadzanie-Uzytkownikami-975c2b5\Zarzadzanie.Test\RolaKlientTest.cs:wiersz 116
</StackTrace>
        </ErrorInfo>
      </Output>
    </UnitTestResult>
    <UnitTestResult executionId="c6f01433-8997-4d22-bb44-c982bc524627" testId="05978091-f0ac-01b3-83aa-028d3b669724" testName="NameTest" computerName="OKRM-KOMPUTER" duration="00:00:00.0023402" startTime="2012-01-12T15:56:38.3115234+01:00" endTime="2012-01-12T15:56:38.3271484+01:00" testType="13cdc9d9-ddb5-4fa4-a97d-d965ccfc6d4b" outcome="Failed" testListId="8c84fa94-04c1-424b-9868-57a2d4851a1d" relativeResultsDirectory="c6f01433-8997-4d22-bb44-c982bc524627">
      <Output>
        <ErrorInfo>
          <Message>Test method Zarzadzanie.Test.RolaTest.NameTest threw exception: 
System.NullReferenceException: Odwołanie do obiektu nie zostało ustawione na wystąpienie obiektu.</Message>
          <StackTrace>    w Zarzadzanie.Test.RolaTest.NameTest() w C:\Users\Okrm\Desktop\Projekt - zarzadzania uzytkownikami\saturas-Zarzadzanie-Uzytkownikami-975c2b5\saturas-Zarzadzanie-Uzytkownikami-975c2b5\Zarzadzanie.Test\RolaTest.cs:wiersz 83
</StackTrace>
        </ErrorInfo>
      </Output>
    </UnitTestResult>
    <UnitTestResult executionId="48003529-4b3e-46dc-a14b-f09e36cfa63f" testId="0f522e79-d79a-b034-ec6a-efb0554ed60b" testName="ZlecenieConstructorTest" computerName="OKRM-KOMPUTER" duration="00:00:00.0119245" startTime="2012-01-12T15:56:38.3330078+01:00" endTime="2012-01-12T15:56:38.3828125+01:00" testType="13cdc9d9-ddb5-4fa4-a97d-d965ccfc6d4b" outcome="Inconclusive" testListId="8c84fa94-04c1-424b-9868-57a2d4851a1d" relativeResultsDirectory="48003529-4b3e-46dc-a14b-f09e36cfa63f">
      <Output>
        <ErrorInfo>
          <Message>Assert.Inconclusive failed. TODO: Implement code to verify target</Message>
          <StackTrace>   w Zarzadzanie.Test.ZlecenieTest.ZlecenieConstructorTest() w C:\Users\Okrm\Desktop\Projekt - zarzadzania uzytkownikami\saturas-Zarzadzanie-Uzytkownikami-975c2b5\saturas-Zarzadzanie-Uzytkownikami-975c2b5\Zarzadzanie.Test\ZlecenieTest.cs:wiersz 74
</StackTrace>
        </ErrorInfo>
      </Output>
    </UnitTestResult>
    <UnitTestResult executionId="158cfd5a-af16-4560-8e88-e29b43fe864d" testId="1039187c-4e14-537e-ab54-518aeb80ee71" testName="MeldujPostepPracyTest" computerName="OKRM-KOMPUTER" duration="00:00:00.0106182" startTime="2012-01-12T15:56:38.3984375+01:00" endTime="2012-01-12T15:56:38.4287109+01:00" testType="13cdc9d9-ddb5-4fa4-a97d-d965ccfc6d4b" outcome="Inconclusive" testListId="8c84fa94-04c1-424b-9868-57a2d4851a1d" relativeResultsDirectory="158cfd5a-af16-4560-8e88-e29b43fe864d">
      <Output>
        <ErrorInfo>
          <Message>Assert.Inconclusive failed. A method that does not return a value cannot be verified.</Message>
          <StackTrace>   w Zarzadzanie.Test.RolaTlumaczTest.MeldujPostepPracyTest() w C:\Users\Okrm\Desktop\Projekt - zarzadzania uzytkownikami\saturas-Zarzadzanie-Uzytkownikami-975c2b5\saturas-Zarzadzanie-Uzytkownikami-975c2b5\Zarzadzanie.Test\RolaTlumaczTest.cs:wiersz 87
</StackTrace>
        </ErrorInfo>
      </Output>
    </UnitTestResult>
    <UnitTestResult executionId="d686f031-2e32-4fab-be76-9a9bb13d7928" testId="1386703f-b382-8725-4778-6e515b13e85e" testName="WeryfikujPrzydzialRoliTest" computerName="OKRM-KOMPUTER" duration="00:00:00.0064256" startTime="2012-01-12T15:56:38.4423828+01:00" endTime="2012-01-12T15:56:38.4550781+01:00" testType="13cdc9d9-ddb5-4fa4-a97d-d965ccfc6d4b" outcome="Failed" testListId="8c84fa94-04c1-424b-9868-57a2d4851a1d" relativeResultsDirectory="d686f031-2e32-4fab-be76-9a9bb13d7928">
      <Output>
        <ErrorInfo>
          <Message>Test method Zarzadzanie_Uzytkownikami.Tests.RolaAdministratorTest.WeryfikujPrzydzialRoliTest threw exception: 
System.NullReferenceException: Odwołanie do obiektu nie zostało ustawione na wystąpienie obiektu.</Message>
          <StackTrace>    w Zarzadzanie_uzytkownikami.RolaAdministrator.WeryfikujPrzydzialRoli(LinkedList`1 users) w C:\Users\Okrm\Desktop\Projekt - zarzadzania uzytkownikami\saturas-Zarzadzanie-Uzytkownikami-975c2b5\saturas-Zarzadzanie-Uzytkownikami-975c2b5\Zarzadzanie uzytkownikami\Role\RolaAdministrator.cs:wiersz 40
   w Zarzadzanie_Uzytkownikami.Tests.RolaAdministratorTest.WeryfikujPrzydzialRoliTest() w C:\Users\Okrm\Desktop\Projekt - zarzadzania uzytkownikami\saturas-Zarzadzanie-Uzytkownikami-975c2b5\saturas-Zarzadzanie-Uzytkownikami-975c2b5\Zarzadzanie.Test\RolaAdministratorTest.cs:wiersz 151
</StackTrace>
        </ErrorInfo>
      </Output>
    </UnitTestResult>
    <UnitTestResult executionId="0e3083b7-5448-463a-a704-af1bb9b0e87f" testId="14974ae4-1e40-88d9-f966-53ea169ebefd" testName="RoleTest" computerName="OKRM-KOMPUTER" duration="00:00:00.0020212" startTime="2012-01-12T15:56:38.4687500+01:00" endTime="2012-01-12T15:56:38.4853515+01:00" testType="13cdc9d9-ddb5-4fa4-a97d-d965ccfc6d4b" outcome="Passed" testListId="8c84fa94-04c1-424b-9868-57a2d4851a1d" relativeResultsDirectory="0e3083b7-5448-463a-a704-af1bb9b0e87f">
    </UnitTestResult>
    <UnitTestResult executionId="5d3b2460-d2f6-4bcf-9b0f-2cea1e4e94e0" testId="166ea43c-aada-9251-f431-64b4b4d587e8" testName="RolaAdministratorConstructorTest" computerName="OKRM-KOMPUTER" duration="00:00:00.0010737" startTime="2012-01-12T15:56:38.4863281+01:00" endTime="2012-01-12T15:56:38.5087890+01:00" testType="13cdc9d9-ddb5-4fa4-a97d-d965ccfc6d4b" outcome="Passed" testListId="8c84fa94-04c1-424b-9868-57a2d4851a1d" relativeResultsDirectory="5d3b2460-d2f6-4bcf-9b0f-2cea1e4e94e0">
    </UnitTestResult>
    <UnitTestResult executionId="eeb58166-61b5-4c6f-812a-a07740541dd5" testId="173c2bf1-7b82-ff5b-5118-99785ebbfb00" testName="DodajNowegoAdministratoraTest" computerName="OKRM-KOMPUTER" duration="00:00:00.0015209" startTime="2012-01-12T15:56:38.5107421+01:00" endTime="2012-01-12T15:56:38.5205078+01:00" testType="13cdc9d9-ddb5-4fa4-a97d-d965ccfc6d4b" outcome="Passed" testListId="8c84fa94-04c1-424b-9868-57a2d4851a1d" relativeResultsDirectory="eeb58166-61b5-4c6f-812a-a07740541dd5">
    </UnitTestResult>
    <UnitTestResult executionId="9ccf1162-96ae-4898-9c90-9934cd4911ff" testId="1b42ff37-c4f8-ae7a-b181-95870af37981" testName="NameTest" computerName="OKRM-KOMPUTER" duration="00:00:00.0013969" startTime="2012-01-12T15:56:38.5253906+01:00" endTime="2012-01-12T15:56:38.5400390+01:00" testType="13cdc9d9-ddb5-4fa4-a97d-d965ccfc6d4b" outcome="Inconclusive" testListId="8c84fa94-04c1-424b-9868-57a2d4851a1d" relativeResultsDirectory="9ccf1162-96ae-4898-9c90-9934cd4911ff">
      <Output>
        <ErrorInfo>
          <Message>Assert.Inconclusive failed. Verify the correctness of this test method.</Message>
          <StackTrace>   w Zarzadzanie.Test.DokumentTest.NameTest() w C:\Users\Okrm\Desktop\Projekt - zarzadzania uzytkownikami\saturas-Zarzadzanie-Uzytkownikami-975c2b5\saturas-Zarzadzanie-Uzytkownikami-975c2b5\Zarzadzanie.Test\DokumentTest.cs:wiersz 89
</StackTrace>
        </ErrorInfo>
      </Output>
    </UnitTestResult>
    <UnitTestResult executionId="78dbd395-ceaf-4178-9878-03ed840f6690" testId="2111cdec-b51e-64d0-89a1-592f3f795f84" testName="PrzydzielZlecenieTest" computerName="OKRM-KOMPUTER" duration="00:00:00.0023163" startTime="2012-01-12T15:56:38.5449218+01:00" endTime="2012-01-12T15:56:38.5615234+01:00" testType="13cdc9d9-ddb5-4fa4-a97d-d965ccfc6d4b" outcome="Inconclusive" testListId="8c84fa94-04c1-424b-9868-57a2d4851a1d" relativeResultsDirectory="78dbd395-ceaf-4178-9878-03ed840f6690">
      <Output>
        <ErrorInfo>
          <Message>Assert.Inconclusive failed. A method that does not return a value cannot be verified.</Message>
          <StackTrace>   w Zarzadzanie.Test.RolaPracownikTest.PrzydzielZlecenieTest() w C:\Users\Okrm\Desktop\Projekt - zarzadzania uzytkownikami\saturas-Zarzadzanie-Uzytkownikami-975c2b5\saturas-Zarzadzanie-Uzytkownikami-975c2b5\Zarzadzanie.Test\RolaPracownikTest.cs:wiersz 113
</StackTrace>
        </ErrorInfo>
      </Output>
    </UnitTestResult>
    <UnitTestResult executionId="74395d99-7378-4450-a2ff-dde4afa76b88" testId="2b3e95f9-c9b1-d453-5455-7d833cc84a4e" testName="LoginTest" computerName="OKRM-KOMPUTER" duration="00:00:00.0005913" startTime="2012-01-12T15:56:38.5654296+01:00" endTime="2012-01-12T15:56:38.5830078+01:00" testType="13cdc9d9-ddb5-4fa4-a97d-d965ccfc6d4b" outcome="Passed" testListId="8c84fa94-04c1-424b-9868-57a2d4851a1d" relativeResultsDirectory="74395d99-7378-4450-a2ff-dde4afa76b88">
    </UnitTestResult>
[...]
      <Output>
        <ErrorInfo>
          <Message>Assert.Inconclusive failed. Verify the correctness of this test method.</Message>
          <StackTrace>   w Zarzadzanie.Test.RolaKlientTest.NumerTest() w C:\Users\Okrm\Desktop\Projekt - zarzadzania uzytkownikami\saturas-Zarzadzanie-Uzytkownikami-975c2b5\saturas-Zarzadzanie-Uzytkownikami-975c2b5\Zarzadzanie.Test\RolaKlientTest.cs:wiersz 147
</StackTrace>
        </ErrorInfo>
      </Output>
    </UnitTestResult>
    <UnitTestResult executionId="d3315faa-06e3-4923-ac35-bfbd1a16ebeb" testId="a2afdcef-aa1e-be44-1bdb-2104424d4f22" testName="ArchiwizujTest" computerName="OKRM-KOMPUTER" duration="00:00:00.0019293" startTime="2012-01-12T15:56:39.0166015+01:00" endTime="2012-01-12T15:56:39.0263671+01:00" testType="13cdc9d9-ddb5-4fa4-a97d-d965ccfc6d4b" outcome="Inconclusive" testListId="8c84fa94-04c1-424b-9868-57a2d4851a1d" relativeResultsDirectory="d3315faa-06e3-4923-ac35-bfbd1a16ebeb">
      <Output>
        <ErrorInfo>
          <Message>Assert.Inconclusive failed. A method that does not return a value cannot be verified.</Message>
          <StackTrace>   w Zarzadzanie.Test.ZlecenieBiezaceTest.ArchiwizujTest() w C:\Users\Okrm\Desktop\Projekt - zarzadzania uzytkownikami\saturas-Zarzadzanie-Uzytkownikami-975c2b5\saturas-Zarzadzanie-Uzytkownikami-975c2b5\Zarzadzanie.Test\ZlecenieBiezaceTest.cs:wiersz 93
</StackTrace>
        </ErrorInfo>
      </Output>
    </UnitTestResult>
    <UnitTestResult executionId="1e31e769-358c-449d-9799-84f33fe54280" testId="a5e6cfdc-d03b-f615-c8e0-28221302a5bf" testName="RejestrujNowegoKlientaTest" computerName="OKRM-KOMPUTER" duration="00:00:00.0064093" startTime="2012-01-12T15:56:39.0429687+01:00" endTime="2012-01-12T15:56:39.0556640+01:00" testType="13cdc9d9-ddb5-4fa4-a97d-d965ccfc6d4b" outcome="Passed" testListId="8c84fa94-04c1-424b-9868-57a2d4851a1d" relativeResultsDirectory="1e31e769-358c-449d-9799-84f33fe54280">
    </UnitTestResult>
    <UnitTestResult executionId="07c573e2-7133-4d6d-92be-a56cf209f8c1" testId="ac548309-2e88-c8a4-d705-4a7b24fb90ba" testName="ListaZlecenBiezacychPrzydzielonychTest" computerName="OKRM-KOMPUTER" duration="00:00:00.0009368" startTime="2012-01-12T15:56:39.0673828+01:00" endTime="2012-01-12T15:56:39.0800781+01:00" testType="13cdc9d9-ddb5-4fa4-a97d-d965ccfc6d4b" outcome="Inconclusive" testListId="8c84fa94-04c1-424b-9868-57a2d4851a1d" relativeResultsDirectory="07c573e2-7133-4d6d-92be-a56cf209f8c1">
      <Output>
        <ErrorInfo>
          <Message>Assert.Inconclusive failed. Verify the correctness of this test method.</Message>
          <StackTrace>   w Zarzadzanie.Test.RolaPracownikTest.ListaZlecenBiezacychPrzydzielonychTest() w C:\Users\Okrm\Desktop\Projekt - zarzadzania uzytkownikami\saturas-Zarzadzanie-Uzytkownikami-975c2b5\saturas-Zarzadzanie-Uzytkownikami-975c2b5\Zarzadzanie.Test\RolaPracownikTest.cs:wiersz 156
</StackTrace>
        </ErrorInfo>
      </Output>
    </UnitTestResult>
    <UnitTestResult executionId="3b4f40cd-5c84-4edc-a261-add7d306ad57" testId="aec15c2c-4694-dffa-3310-6e0f3a468888" testName="PrzegladajPostepBiezacychZLecenTest" computerName="OKRM-KOMPUTER" duration="00:00:00.0024048" startTime="2012-01-12T15:56:39.0859375+01:00" endTime="2012-01-12T15:56:39.0986328+01:00" testType="13cdc9d9-ddb5-4fa4-a97d-d965ccfc6d4b" outcome="Failed" testListId="8c84fa94-04c1-424b-9868-57a2d4851a1d" relativeResultsDirectory="3b4f40cd-5c84-4edc-a261-add7d306ad57">
      <Output>
        <ErrorInfo>
          <Message>Test method Zarzadzanie.Test.RolaKlientTest.PrzegladajPostepBiezacychZLecenTest threw exception: 
System.NullReferenceException: Odwołanie do obiektu nie zostało ustawione na wystąpienie obiektu.</Message>
          <StackTrace>    w Zarzadzanie_uzytkownikami.RolaKlient.PrzegladajPostepBiezacychZLecen() w C:\Users\Okrm\Desktop\Projekt - zarzadzania uzytkownikami\saturas-Zarzadzanie-Uzytkownikami-975c2b5\saturas-Zarzadzanie-Uzytkownikami-975c2b5\Zarzadzanie uzytkownikami\Role\RolaKlient.cs:wiersz 62
   w Zarzadzanie.Test.RolaKlientTest.PrzegladajPostepBiezacychZLecenTest() w C:\Users\Okrm\Desktop\Projekt - zarzadzania uzytkownikami\saturas-Zarzadzanie-Uzytkownikami-975c2b5\saturas-Zarzadzanie-Uzytkownikami-975c2b5\Zarzadzanie.Test\RolaKlientTest.cs:wiersz 102
</StackTrace>
        </ErrorInfo>
      </Output>
    </UnitTestResult>
    <UnitTestResult executionId="38f75c2e-3acb-4ddd-9f26-c63a9731d107" testId="b1da090b-a3db-9650-592a-e5225ba14f6b" testName="NumerKlientaTest" computerName="OKRM-KOMPUTER" duration="00:00:00.0009244" startTime="2012-01-12T15:56:39.1035156+01:00" endTime="2012-01-12T15:56:39.1142578+01:00" testType="13cdc9d9-ddb5-4fa4-a97d-d965ccfc6d4b" outcome="Inconclusive" testListId="8c84fa94-04c1-424b-9868-57a2d4851a1d" relativeResultsDirectory="38f75c2e-3acb-4ddd-9f26-c63a9731d107">
      <Output>
        <ErrorInfo>
          <Message>Assert.Inconclusive failed. Verify the correctness of this test method.</Message>
          <StackTrace>   w Zarzadzanie.Test.ZlecenieBiezaceTest.NumerKlientaTest() w C:\Users\Okrm\Desktop\Projekt - zarzadzania uzytkownikami\saturas-Zarzadzanie-Uzytkownikami-975c2b5\saturas-Zarzadzanie-Uzytkownikami-975c2b5\Zarzadzanie.Test\ZlecenieBiezaceTest.cs:wiersz 146
</StackTrace>
        </ErrorInfo>
      </Output>
    </UnitTestResult>
    <UnitTestResult executionId="f46db5ad-306f-4083-b5b1-338f215551b2" testId="b8acfc95-0d6c-ab8f-a160-166bb04d6eb2" testName="ListaZlecenTest" computerName="OKRM-KOMPUTER" duration="00:00:00.0046929" startTime="2012-01-12T15:56:39.1191406+01:00" endTime="2012-01-12T15:56:39.1328125+01:00" testType="13cdc9d9-ddb5-4fa4-a97d-d965ccfc6d4b" outcome="Passed" testListId="8c84fa94-04c1-424b-9868-57a2d4851a1d" relativeResultsDirectory="f46db5ad-306f-4083-b5b1-338f215551b2">
    </UnitTestResult>
    <UnitTestResult executionId="e760f094-952e-43d4-9b3a-a02f54de5a64" testId="bb3a00e2-007f-1587-d564-f9594eb6983d" testName="GetInstanceTest" computerName="OKRM-KOMPUTER" duration="00:00:00.0002206" startTime="2012-01-12T15:56:39.1386718+01:00" endTime="2012-01-12T15:56:39.1455078+01:00" testType="13cdc9d9-ddb5-4fa4-a97d-d965ccfc6d4b" outcome="Passed" testListId="8c84fa94-04c1-424b-9868-57a2d4851a1d" relativeResultsDirectory="e760f094-952e-43d4-9b3a-a02f54de5a64">
    </UnitTestResult>
    <UnitTestResult executionId="b71d49e5-1943-4ec3-8bfb-ed57384e6b74" testId="c133290d-b738-c98a-dbf7-467c8ddc68ad" testName="ListaTlumaczyTest" computerName="OKRM-KOMPUTER" duration="00:00:00.0010181" startTime="2012-01-12T15:56:39.1542968+01:00" endTime="2012-01-12T15:56:39.1611328+01:00" testType="13cdc9d9-ddb5-4fa4-a97d-d965ccfc6d4b" outcome="Inconclusive" testListId="8c84fa94-04c1-424b-9868-57a2d4851a1d" relativeResultsDirectory="b71d49e5-1943-4ec3-8bfb-ed57384e6b74">
      <Output>
        <ErrorInfo>
          <Message>Assert.Inconclusive failed. Verify the correctness of this test method.</Message>
          <StackTrace>   w Zarzadzanie.Test.RolaPracownikTest.ListaTlumaczyTest() w C:\Users\Okrm\Desktop\Projekt - zarzadzania uzytkownikami\saturas-Zarzadzanie-Uzytkownikami-975c2b5\saturas-Zarzadzanie-Uzytkownikami-975c2b5\Zarzadzanie.Test\RolaPracownikTest.cs:wiersz 128
</StackTrace>
        </ErrorInfo>
      </Output>
    </UnitTestResult>
    <UnitTestResult executionId="0cfa4b9e-e23e-479b-ba58-d0649e3d90d9" testId="c1ee7504-b576-9e6b-517e-ffa1dda8ffc2" testName="ZwrocRekordyKlientaTest" computerName="OKRM-KOMPUTER" duration="00:00:00.0021063" startTime="2012-01-12T15:56:39.1669921+01:00" endTime="2012-01-12T15:56:39.1835937+01:00" testType="13cdc9d9-ddb5-4fa4-a97d-d965ccfc6d4b" outcome="Failed" testListId="8c84fa94-04c1-424b-9868-57a2d4851a1d" relativeResultsDirectory="0cfa4b9e-e23e-479b-ba58-d0649e3d90d9">
      <Output>
        <ErrorInfo>
          <Message>Assert.AreEqual failed. Expected:&lt;System.Collections.Generic.LinkedList`1[Zarzadzanie_uzytkownikami.ZlecenieArchiwalne]&gt;. Actual:&lt;System.Collections.Generic.LinkedList`1[Zarzadzanie_uzytkownikami.ZlecenieArchiwalne]&gt;. </Message>
          <StackTrace>   w Zarzadzanie_Uzytkownikami.Tests.HistoriaZlecenTest.ZwrocRekordyKlientaTest() w C:\Users\Okrm\Desktop\Projekt - zarzadzania uzytkownikami\saturas-Zarzadzanie-Uzytkownikami-975c2b5\saturas-Zarzadzanie-Uzytkownikami-975c2b5\Zarzadzanie.Test\HistoriaZlecenTest.cs:wiersz 111
</StackTrace>
        </ErrorInfo>
      </Output>
    </UnitTestResult>
    <UnitTestResult executionId="c9c13ba9-25c7-48a7-95e1-0cd46ba41f6a" testId="c723663c-8551-4923-1f7f-1d2f087d05d3" testName="NumeratorTest" computerName="OKRM-KOMPUTER" duration="00:00:00.0008201" startTime="2012-01-12T15:56:39.1855468+01:00" endTime="2012-01-12T15:56:39.1962890+01:00" testType="13cdc9d9-ddb5-4fa4-a97d-d965ccfc6d4b" outcome="Inconclusive" testListId="8c84fa94-04c1-424b-9868-57a2d4851a1d" relativeResultsDirectory="c9c13ba9-25c7-48a7-95e1-0cd46ba41f6a">
      <Output>
        <ErrorInfo>
          <Message>Assert.Inconclusive failed. Verify the correctness of this test method.</Message>
          <StackTrace>   w Zarzadzanie.Test.RolaKlientTest.NumeratorTest() w C:\Users\Okrm\Desktop\Projekt - zarzadzania uzytkownikami\saturas-Zarzadzanie-Uzytkownikami-975c2b5\saturas-Zarzadzanie-Uzytkownikami-975c2b5\Zarzadzanie.Test\RolaKlientTest.cs:wiersz 162
</StackTrace>
        </ErrorInfo>
      </Output>
    </UnitTestResult>
    <UnitTestResult executionId="2ff0b28a-462e-49c9-b286-1b1cad7d715b" testId="ce4cdb06-9a83-c9ce-a36f-f93949e7db7a" testName="ZlecenieArchiwalneConstructorTest" computerName="OKRM-KOMPUTER" duration="00:00:00.0008718" startTime="2012-01-12T15:56:39.1982421+01:00" endTime="2012-01-12T15:56:39.2119140+01:00" testType="13cdc9d9-ddb5-4fa4-a97d-d965ccfc6d4b" outcome="Inconclusive" testListId="8c84fa94-04c1-424b-9868-57a2d4851a1d" relativeResultsDirectory="2ff0b28a-462e-49c9-b286-1b1cad7d715b">
      <Output>
        <ErrorInfo>
          <Message>Assert.Inconclusive failed. TODO: Implement code to verify target</Message>
          <StackTrace>   w Zarzadzanie.Test.ZlecenieArchiwalneTest.ZlecenieArchiwalneConstructorTest() w C:\Users\Okrm\Desktop\Projekt - zarzadzania uzytkownikami\saturas-Zarzadzanie-Uzytkownikami-975c2b5\saturas-Zarzadzanie-Uzytkownikami-975c2b5\Zarzadzanie.Test\ZlecenieArchiwalneTest.cs:wiersz 150
</StackTrace>
        </ErrorInfo>
      </Output>
    </UnitTestResult>
    <UnitTestResult executionId="fadd354f-a213-46a6-a1ef-031e0d89d6dc" testId="d8262a8e-d89e-2b9f-e798-821fadf1aba8" testName="DodajRoleTest" computerName="OKRM-KOMPUTER" duration="00:00:00.0003750" startTime="2012-01-12T15:56:39.2167968+01:00" endTime="2012-01-12T15:56:39.2285156+01:00" testType="13cdc9d9-ddb5-4fa4-a97d-d965ccfc6d4b" outcome="Passed" testListId="8c84fa94-04c1-424b-9868-57a2d4851a1d" relativeResultsDirectory="fadd354f-a213-46a6-a1ef-031e0d89d6dc">
    </UnitTestResult>
    <UnitTestResult executionId="15aef20d-e361-4f74-8b8c-86ecde5c6cbc" testId="df3766e4-d9d5-4033-f867-72f676a21b6f" testName="DataRealizacjiTest" computerName="OKRM-KOMPUTER" duration="00:00:00.0011305" startTime="2012-01-12T15:56:39.2343750+01:00" endTime="2012-01-12T15:56:39.2490234+01:00" testType="13cdc9d9-ddb5-4fa4-a97d-d965ccfc6d4b" outcome="Inconclusive" testListId="8c84fa94-04c1-424b-9868-57a2d4851a1d" relativeResultsDirectory="15aef20d-e361-4f74-8b8c-86ecde5c6cbc">
      <Output>
        <ErrorInfo>
          <Message>Assert.Inconclusive failed. Verify the correctness of this test method.</Message>
          <StackTrace>   w Zarzadzanie.Test.ZlecenieArchiwalneTest.DataRealizacjiTest() w C:\Users\Okrm\Desktop\Projekt - zarzadzania uzytkownikami\saturas-Zarzadzanie-Uzytkownikami-975c2b5\saturas-Zarzadzanie-Uzytkownikami-975c2b5\Zarzadzanie.Test\ZlecenieArchiwalneTest.cs:wiersz 137
</StackTrace>
        </ErrorInfo>
      </Output>
    </UnitTestResult>
    <UnitTestResult executionId="dfdcf816-5ce9-4309-949c-bcf5134a52c8" testId="e72c788c-f2e6-cdf4-0db3-f9780ecf9952" testName="NumerTest" computerName="OKRM-KOMPUTER" duration="00:00:00.0014636" startTime="2012-01-12T15:56:39.2666015+01:00" endTime="2012-01-12T15:56:39.2792968+01:00" testType="13cdc9d9-ddb5-4fa4-a97d-d965ccfc6d4b" outcome="Inconclusive" testListId="8c84fa94-04c1-424b-9868-57a2d4851a1d" relativeResultsDirectory="dfdcf816-5ce9-4309-949c-bcf5134a52c8">
      <Output>
        <ErrorInfo>
          <Message>Assert.Inconclusive failed. Verify the correctness of this test method.</Message>
          <StackTrace>   w Zarzadzanie.Test.RolaTlumaczTest.NumerTest() w C:\Users\Okrm\Desktop\Projekt - zarzadzania uzytkownikami\saturas-Zarzadzanie-Uzytkownikami-975c2b5\saturas-Zarzadzanie-Uzytkownikami-975c2b5\Zarzadzanie.Test\RolaTlumaczTest.cs:wiersz 117
</StackTrace>
        </ErrorInfo>
      </Output>
    </UnitTestResult>
    <UnitTestResult executionId="174f2dd1-305d-414f-b075-2ffff4b759dd" testId="e75dfd00-d175-70e0-a7f6-d5943e8bcd9b" testName="RolaKlientConstructorTest" computerName="OKRM-KOMPUTER" duration="00:00:00.0007226" startTime="2012-01-12T15:56:39.2841796+01:00" endTime="2012-01-12T15:56:39.2958984+01:00" testType="13cdc9d9-ddb5-4fa4-a97d-d965ccfc6d4b" outcome="Inconclusive" testListId="8c84fa94-04c1-424b-9868-57a2d4851a1d" relativeResultsDirectory="174f2dd1-305d-414f-b075-2ffff4b759dd">
      <Output>
        <ErrorInfo>
          <Message>Assert.Inconclusive failed. TODO: Implement code to verify target</Message>
          <StackTrace>   w Zarzadzanie.Test.RolaKlientTest.RolaKlientConstructorTest() w C:\Users\Okrm\Desktop\Projekt - zarzadzania uzytkownikami\saturas-Zarzadzanie-Uzytkownikami-975c2b5\saturas-Zarzadzanie-Uzytkownikami-975c2b5\Zarzadzanie.Test\RolaKlientTest.cs:wiersz 76
</StackTrace>
        </ErrorInfo>
      </Output>
    </UnitTestResult>
    <UnitTestResult executionId="446cd837-6de8-49b2-a3b0-6b1bc4297f91" testId="eabaa878-b3d8-ba0f-f5ec-66030ff1054c" testName="ArchiwizujZlecenieTest" computerName="OKRM-KOMPUTER" duration="00:00:00.0058312" startTime="2012-01-12T15:56:39.2968750+01:00" endTime="2012-01-12T15:56:39.3076171+01:00" testType="13cdc9d9-ddb5-4fa4-a97d-d965ccfc6d4b" outcome="Failed" testListId="8c84fa94-04c1-424b-9868-57a2d4851a1d" relativeResultsDirectory="446cd837-6de8-49b2-a3b0-6b1bc4297f91">
      <Output>
        <ErrorInfo>
          <Message>Test method Zarzadzanie.Test.RolaPracownikTest.ArchiwizujZlecenieTest threw exception: 
System.NullReferenceException: Odwołanie do obiektu nie zostało ustawione na wystąpienie obiektu.</Message>
          <StackTrace>    w Zarzadzanie_uzytkownikami.RolaPracownik.ArchiwizujZlecenie(ZlecenieBiezace z) w C:\Users\Okrm\Desktop\Projekt - zarzadzania uzytkownikami\saturas-Zarzadzanie-Uzytkownikami-975c2b5\saturas-Zarzadzanie-Uzytkownikami-975c2b5\Zarzadzanie uzytkownikami\Role\RolaPracownik.cs:wiersz 76
   w Zarzadzanie.Test.RolaPracownikTest.ArchiwizujZlecenieTest() w C:\Users\Okrm\Desktop\Projekt - zarzadzania uzytkownikami\saturas-Zarzadzanie-Uzytkownikami-975c2b5\saturas-Zarzadzanie-Uzytkownikami-975c2b5\Zarzadzanie.Test\RolaPracownikTest.cs:wiersz 87
</StackTrace>
        </ErrorInfo>
      </Output>
    </UnitTestResult>
    <UnitTestResult executionId="f960164c-9fcf-469a-96e1-e66a5e796020" testId="f414574b-b094-fe02-704e-e2acfca1649c" testName="ProgresTest" computerName="OKRM-KOMPUTER" duration="00:00:00.0009497" startTime="2012-01-12T15:56:39.3095703+01:00" endTime="2012-01-12T15:56:39.3242187+01:00" testType="13cdc9d9-ddb5-4fa4-a97d-d965ccfc6d4b" outcome="Inconclusive" testListId="8c84fa94-04c1-424b-9868-57a2d4851a1d" relativeResultsDirectory="f960164c-9fcf-469a-96e1-e66a5e796020">
      <Output>
        <ErrorInfo>
          <Message>Assert.Inconclusive failed. Verify the correctness of this test method.</Message>
          <StackTrace>   w Zarzadzanie.Test.DokumentTest.ProgresTest() w C:\Users\Okrm\Desktop\Projekt - zarzadzania uzytkownikami\saturas-Zarzadzanie-Uzytkownikami-975c2b5\saturas-Zarzadzanie-Uzytkownikami-975c2b5\Zarzadzanie.Test\DokumentTest.cs:wiersz 104
</StackTrace>
        </ErrorInfo>
      </Output>
    </UnitTestResult>
    <UnitTestResult executionId="1361c88a-bfef-46cb-9896-8598a9ce8bc0" testId="f862bd14-606d-98a7-90b6-ba1671d10bcb" testName="StopienRealizacjiTest" computerName="OKRM-KOMPUTER" duration="00:00:00.0024989" startTime="2012-01-12T15:56:39.3291015+01:00" endTime="2012-01-12T15:56:39.3408203+01:00" testType="13cdc9d9-ddb5-4fa4-a97d-d965ccfc6d4b" outcome="Failed" testListId="8c84fa94-04c1-424b-9868-57a2d4851a1d" relativeResultsDirectory="1361c88a-bfef-46cb-9896-8598a9ce8bc0">
      <Output>
        <ErrorInfo>
          <Message>Test method Zarzadzanie.Test.ZlecenieBiezaceTest.StopienRealizacjiTest threw exception: 
System.NullReferenceException: Odwołanie do obiektu nie zostało ustawione na wystąpienie obiektu.</Message>
          <StackTrace>    w Zarzadzanie_uzytkownikami.ZlecenieBiezace.StopienRealizacji() w C:\Users\Okrm\Desktop\Projekt - zarzadzania uzytkownikami\saturas-Zarzadzanie-Uzytkownikami-975c2b5\saturas-Zarzadzanie-Uzytkownikami-975c2b5\Zarzadzanie uzytkownikami\ZlecenieBiezace.cs:wiersz 53
   w Zarzadzanie.Test.ZlecenieBiezaceTest.StopienRealizacjiTest() w C:\Users\Okrm\Desktop\Projekt - zarzadzania uzytkownikami\saturas-Zarzadzanie-Uzytkownikami-975c2b5\saturas-Zarzadzanie-Uzytkownikami-975c2b5\Zarzadzanie.Test\ZlecenieBiezaceTest.cs:wiersz 108
</StackTrace>
        </ErrorInfo>
      </Output>
    </UnitTestResult>
    <UnitTestResult executionId="3fb1d6d5-beb3-48d2-9928-a5716f726b30" testId="f8963391-2a9e-7606-1d73-db13060dc7cf" testName="HistoriaZlecenConstructorTest" computerName="OKRM-KOMPUTER" duration="00:00:00.0046647" startTime="2012-01-12T15:56:39.3496093+01:00" endTime="2012-01-12T15:56:39.3642578+01:00" testType="13cdc9d9-ddb5-4fa4-a97d-d965ccfc6d4b" outcome="Passed" testListId="8c84fa94-04c1-424b-9868-57a2d4851a1d" relativeResultsDirectory="3fb1d6d5-beb3-48d2-9928-a5716f726b30">
    </UnitTestResult>
    <UnitTestResult executionId="7f641b98-f8ff-49eb-affb-6d7d35273bae" testId="f98565ef-7220-7c96-475e-4b1ff3a90883" testName="RolaTlumaczConstructorTest" computerName="OKRM-KOMPUTER" duration="00:00:00.0006982" startTime="2012-01-12T15:56:39.3701171+01:00" endTime="2012-01-12T15:56:39.3779296+01:00" testType="13cdc9d9-ddb5-4fa4-a97d-d965ccfc6d4b" outcome="Inconclusive" testListId="8c84fa94-04c1-424b-9868-57a2d4851a1d" relativeResultsDirectory="7f641b98-f8ff-49eb-affb-6d7d35273bae">
      <Output>
        <ErrorInfo>
          <Message>Assert.Inconclusive failed. TODO: Implement code to verify target</Message>
          <StackTrace>   w Zarzadzanie.Test.RolaTlumaczTest.RolaTlumaczConstructorTest() w C:\Users\Okrm\Desktop\Projekt - zarzadzania uzytkownikami\saturas-Zarzadzanie-Uzytkownikami-975c2b5\saturas-Zarzadzanie-Uzytkownikami-975c2b5\Zarzadzanie.Test\RolaTlumaczTest.cs:wiersz 75
</StackTrace>
        </ErrorInfo>
      </Output>
    </UnitTestResult>
    <UnitTestResult executionId="281838c6-6db3-4d9a-a8af-ef0614672b33" testId="fcb43331-0844-8756-08fe-c9f6b6f6a25c" testName="DokumentyDoPrzetlumaczeniaTest" computerName="OKRM-KOMPUTER" duration="00:00:00.0009869" startTime="2012-01-12T15:56:39.3798828+01:00" endTime="2012-01-12T15:56:39.3925781+01:00" testType="13cdc9d9-ddb5-4fa4-a97d-d965ccfc6d4b" outcome="Inconclusive" testListId="8c84fa94-04c1-424b-9868-57a2d4851a1d" relativeResultsDirectory="281838c6-6db3-4d9a-a8af-ef0614672b33">
      <Output>
        <ErrorInfo>
          <Message>Assert.Inconclusive failed. Verify the correctness of this test method.</Message>
          <StackTrace>   w Zarzadzanie.Test.ZlecenieBiezaceTest.DokumentyDoPrzetlumaczeniaTest() w C:\Users\Okrm\Desktop\Projekt - zarzadzania uzytkownikami\saturas-Zarzadzanie-Uzytkownikami-975c2b5\saturas-Zarzadzanie-Uzytkownikami-975c2b5\Zarzadzanie.Test\ZlecenieBiezaceTest.cs:wiersz 128
</StackTrace>
        </ErrorInfo>
      </Output>
    </UnitTestResult>
  </Results>
</TestRun>